#
# A fatal error has been detected by the Java Runtime Environment:
#
#  SIGSEGV (0xb) at pc=0x00007fd7b1e8a542, pid=14209, tid=14244
#
# JRE version: OpenJDK Runtime Environment (19.0.2+7) (build 19.0.2+7)
# Java VM: OpenJDK 64-Bit Server VM (19.0.2+7, mixed mode, tiered, compressed oops, compressed class ptrs, g1 gc, linux-amd64)
# Problematic frame:
# V  [libjvm.so+0x88a542]
#
# Core dump will be written. Default location: Core dumps may be processed with "/usr/lib/systemd/systemd-coredump %P %u %g %s %t %c %h" (or dumping to /home/mick-j-06/Bureau/L2/PROG3/Back-End/30-01-23/prog-3-td-2.3/core.14209)
#
# If you would like to submit a bug report, please visit:
#   https://bugreport.java.com/bugreport/crash.jsp
#

---------------  S U M M A R Y ------------

Command Line: -ea -Didea.test.cyclic.buffer.size=1048576 -javaagent:/home/mick-j-06/.local/share/JetBrains/Toolbox/apps/IDEA-C/ch-0/223.8214.52/lib/idea_rt.jar=37675:/home/mick-j-06/.local/share/JetBrains/Toolbox/apps/IDEA-C/ch-0/223.8214.52/bin -Dfile.encoding=UTF-8 -Dsun.stdout.encoding=UTF-8 -Dsun.stderr.encoding=UTF-8 com.intellij.rt.junit.JUnitStarter -ideVersion5 -junit5 integration.PlayerIntegrationTest,read_players_ok

Host: Intel(R) Core(TM) i5-4200H CPU @ 2.80GHz, 4 cores, 11G, Garuda Linux
Time: Mon Jan 30 18:02:31 2023 EAT elapsed time: 4.248740 seconds (0d 0h 0m 4s)

---------------  T H R E A D  ---------------

Current thread (0x00007fd75422a400):  JavaThread "C2 CompilerThread1" daemon [_thread_in_native, id=14244, stack(0x00007fd77e8f8000,0x00007fd77e9f8000)]


Current CompileTask:
C2:   4248 2884   !   4       jdk.internal.loader.BuiltinClassLoader::loadClassOrNull (143 bytes)

Stack: [0x00007fd77e8f8000,0x00007fd77e9f8000],  sp=0x00007fd77e9f3000,  free space=1004k
Native frames: (J=compiled Java code, j=interpreted, Vv=VM code, C=native code)
V  [libjvm.so+0x88a542]
V  [libjvm.so+0x880c17]
V  [libjvm.so+0x883265]
V  [libjvm.so+0x582bca]
V  [libjvm.so+0x616e30]
V  [libjvm.so+0x61b140]
V  [libjvm.so+0x5551d0]
V  [libjvm.so+0x623360]
V  [libjvm.so+0x624138]
V  [libjvm.so+0xf4b566]
V  [libjvm.so+0xf54932]
V  [libjvm.so+0xcf45ad]


siginfo: si_signo: 11 (SIGSEGV), si_code: 1 (SEGV_MAPERR), si_addr: 0x0000000000000400

Registers:
RAX=0x00007fd77e9f6770, RBX=0x0000000000000400, RCX=0x00000000000008fc, RDX=0x00007fd75422b270
RSP=0x00007fd77e9f3000, RBP=0x00007fd77e9f3020, RSI=0x00000000000008fc, RDI=0x00007fd7b29d9ee8
R8 =0x0000000000000009, R9 =0x00000000000008fc, R10=0x00007fd77e9f3380, R11=0x00000000000023f0
R12=0x00000000000008fc, R13=0x00007fd72c91dca0, R14=0x00007fd77e9f5be0, R15=0x00007fd72cabde48
RIP=0x00007fd7b1e8a542, EFLAGS=0x0000000000010206, CSGSFS=0x002b000000000033, ERR=0x0000000000000004
  TRAPNO=0x000000000000000e


Register to memory mapping:

RAX=0x00007fd77e9f6770 is pointing into the stack for thread: 0x00007fd75422a400
RBX=1024 is a compressed pointer to class: 0x0000000800000400
java.lang.invoke.LambdaForm$MH/0x0000000800000400 {0x0000000800000400}
 - instance size:     2
 - klass size:        62
 - access:            final synchronized 
 - state:             fully_initialized
 - name:              'java/lang/invoke/LambdaForm$MH+0x0000000800000400'
 - super:             'java/lang/Object'
 - sub:               
 - arrays:            NULL
 - methods:           Array<T>(0x00007fd770500250)
 - method ordering:   Array<T>(0x00007fd770000018)
 - default_methods:   Array<T>(0x0000000000000000)
 - local interfaces:  Array<T>(0x00007fd770000058)
 - trans. interfaces: Array<T>(0x00007fd770000058)
 - constants:         constant pool [47] {0x00007fd770500038} for 'java/lang/invoke/LambdaForm$MH+0x0000000800000400' cache=0x00007fd7705003d0
 - class loader data:  loader data: 0x00007fd7ac1fa700 of 'bootstrap' has a class holder
 - source file:       'LambdaForm$MH'
 - class annotations:       Array<T>(0x0000000000000000)
 - class type annotations:  Array<T>(0x0000000000000000)
 - field annotations:       Array<T>(0x0000000000000000)
 - field type annotations:  Array<T>(0x0000000000000000)
 - inner classes:     Array<T>(0x00007fd770000028)
 - nest members:     Array<T>(0x00007fd770000028)
 - permitted subclasses:     Array<T>(0x00007fd770000028)
 - java mirror:       a 'java/lang/Class'{0x0000000746f72f60} = 'java/lang/invoke/LambdaForm$MH+0x0000000800000400'
 - vtable length      5  (start addr: 0x00000008000005b8)
 - itable length      2 (start addr: 0x00000008000005e0)
 - ---- static fields (1 words):
 - static final '_D_0' 'Ljava/lang/invoke/LambdaForm;' @112 
 - ---- non-static fields (0 words):
 - non-static oop maps: 
RCX=0x00000000000008fc is an unknown value
RDX=0x00007fd75422b270 points into unknown readable memory: 0x0000000000000002 | 02 00 00 00 00 00 00 00
RSP=0x00007fd77e9f3000 is pointing into the stack for thread: 0x00007fd75422a400
RBP=0x00007fd77e9f3020 is pointing into the stack for thread: 0x00007fd75422a400
RSI=0x00000000000008fc is an unknown value
RDI=0x00007fd7b29d9ee8: <offset 0x00000000013d9ee8> in /usr/lib/jvm/java-19-openjdk/lib/server/libjvm.so at 0x00007fd7b1600000
R8 =0x0000000000000009 is an unknown value
R9 =0x00000000000008fc is an unknown value
R10=0x00007fd77e9f3380 is pointing into the stack for thread: 0x00007fd75422a400
R11=0x00000000000023f0 is an unknown value
R12=0x00000000000008fc is an unknown value
R13=0x00007fd72c91dca0 points into unknown readable memory: 0x0000000300000001 | 01 00 00 00 03 00 00 00
R14=0x00007fd77e9f5be0 is pointing into the stack for thread: 0x00007fd75422a400
R15=0x00007fd72cabde48 points into unknown readable memory: 0x3e5c47ac1fe7a86b | 6b a8 e7 1f ac 47 5c 3e


Top of Stack: (sp=0x00007fd77e9f3000)
0x00007fd77e9f3000:   00000000000008fd 00007fd77e9f3050
0x00007fd77e9f3010:   fffffffffc000000 00007fd77e9f36a0
0x00007fd77e9f3020:   00007fd77e9f30b0 00007fd7b1e80c17
0x00007fd77e9f3030:   00007fd7504217e8 000008fc7e9f36a0 

Instructions: (pc=0x00007fd7b1e8a542)
0x00007fd7b1e8a442:   05 00 00 4c 8b a0 80 00 00 00 49 8b 9c 24 b8 08
0x00007fd7b1e8a452:   00 00 48 85 db 74 27 48 8b 03 66 0f ef c0 49 89
0x00007fd7b1e8a462:   84 24 b8 08 00 00 48 89 d8 0f 11 03 0f 11 43 10
0x00007fd7b1e8a472:   5b 41 5c 5d c3 66 0f 1f 84 00 00 00 00 00 49 8b
0x00007fd7b1e8a482:   bc 24 b0 08 00 00 48 8b 47 18 48 8b 57 20 48 29
0x00007fd7b1e8a492:   c2 48 81 fa 5f 06 00 00 76 47 48 8d 90 60 06 00
0x00007fd7b1e8a4a2:   00 48 89 57 18 48 8d 48 20 48 83 e1 e0 48 8d 91
0x00007fd7b1e8a4b2:   40 06 00 00 48 89 c8 0f 1f 80 00 00 00 00 48 89
0x00007fd7b1e8a4c2:   18 48 89 c3 48 8d 40 20 48 39 d0 75 f1 48 8d 99
0x00007fd7b1e8a4d2:   20 06 00 00 49 89 9c 24 b8 08 00 00 e9 76 ff ff
0x00007fd7b1e8a4e2:   ff 31 d2 be 60 06 00 00 67 e8 60 69 b7 ff eb b5
0x00007fd7b1e8a4f2:   66 66 2e 0f 1f 84 00 00 00 00 00 0f 1f 00 f3 0f
0x00007fd7b1e8a502:   1e fa 55 48 89 e5 41 56 41 55 49 89 fd 41 54 41
0x00007fd7b1e8a512:   89 f4 53 66 48 8d 3d cb f9 b4 00 66 48 ff 15 b3
0x00007fd7b1e8a522:   f3 b4 00 48 8b 00 48 8b 80 d8 05 00 00 4c 8b b0
0x00007fd7b1e8a532:   80 00 00 00 49 8b 9e b8 08 00 00 48 85 db 74 3e
0x00007fd7b1e8a542:   48 8b 03 66 0f ef c0 49 89 86 b8 08 00 00 44 89
0x00007fd7b1e8a552:   e0 0f 11 03 c1 e8 08 0f 11 43 10 41 3b 45 04 72
0x00007fd7b1e8a562:   07 8d 50 01 41 89 55 04 49 8b 55 08 48 89 1c c2
0x00007fd7b1e8a572:   48 89 d8 5b 41 5c 41 5d 41 5e 5d c3 66 90 49 8b
0x00007fd7b1e8a582:   be b0 08 00 00 48 8b 47 18 48 8b 57 20 48 29 c2
0x00007fd7b1e8a592:   48 81 fa 5f 06 00 00 76 47 48 8d 90 60 06 00 00
0x00007fd7b1e8a5a2:   48 89 57 18 48 8d 48 20 48 83 e1 e0 48 8d 91 40
0x00007fd7b1e8a5b2:   06 00 00 48 89 c8 0f 1f 84 00 00 00 00 00 48 89
0x00007fd7b1e8a5c2:   18 48 89 c3 48 8d 40 20 48 39 d0 75 f1 48 8d 99
0x00007fd7b1e8a5d2:   20 06 00 00 49 89 9e b8 08 00 00 e9 60 ff ff ff
0x00007fd7b1e8a5e2:   31 d2 be 60 06 00 00 67 e8 61 68 b7 ff eb b5 90
0x00007fd7b1e8a5f2:   66 66 2e 0f 1f 84 00 00 00 00 00 0f 1f 00 f3 0f
0x00007fd7b1e8a602:   1e fa 55 48 89 e5 41 55 41 54 49 89 fc 53 89 f3
0x00007fd7b1e8a612:   48 83 ec 08 48 8b 47 08 4c 8b 2c d8 66 48 8d 3d
0x00007fd7b1e8a622:   c2 f8 b4 00 66 48 ff 15 aa f2 b4 00 48 8d 0d 4b
0x00007fd7b1e8a632:   df b9 00 48 8b 10 48 8b 92 d8 05 00 00 48 8b 92 


Stack slot to memory mapping:
stack at sp + 0 slots: 0x00000000000008fd is an unknown value
stack at sp + 1 slots: 0x00007fd77e9f3050 is pointing into the stack for thread: 0x00007fd75422a400
stack at sp + 2 slots: 0xfffffffffc000000 is an unknown value
stack at sp + 3 slots: 0x00007fd77e9f36a0 is pointing into the stack for thread: 0x00007fd75422a400
stack at sp + 4 slots: 0x00007fd77e9f30b0 is pointing into the stack for thread: 0x00007fd75422a400
stack at sp + 5 slots: 0x00007fd7b1e80c17: <offset 0x0000000000880c17> in /usr/lib/jvm/java-19-openjdk/lib/server/libjvm.so at 0x00007fd7b1600000
stack at sp + 6 slots: 0x00007fd7504217e8 points into unknown readable memory: 0x00007fd7b29298b0 | b0 98 92 b2 d7 7f 00 00
stack at sp + 7 slots: 0x000008fc7e9f36a0 is an unknown value


---------------  P R O C E S S  ---------------

Threads class SMR info:
_java_thread_list=0x00007fd724000b70, length=16, elements={
0x00007fd7ac0193b0, 0x00007fd7ac1a85f0, 0x00007fd7ac1a9b00, 0x00007fd7ac1ab250,
0x00007fd7ac1ac600, 0x00007fd7ac1ad9a0, 0x00007fd7ac1af3b0, 0x00007fd7ac1b08f0,
0x00007fd7ac1b1dc0, 0x00007fd7ac253b50, 0x00007fd7ac312360, 0x00007fd7ac313b70,
0x00007fd764001000, 0x00007fd75422a400, 0x00007fd764001c40, 0x00007fd7200e8040
}

Java Threads: ( => current thread )
  0x00007fd7ac0193b0 JavaThread "main" [_thread_in_vm, id=14210, stack(0x00007fd7b1500000,0x00007fd7b1600000)]
  0x00007fd7ac1a85f0 JavaThread "Reference Handler" daemon [_thread_blocked, id=14218, stack(0x00007fd77f900000,0x00007fd77fa00000)]
  0x00007fd7ac1a9b00 JavaThread "Finalizer" daemon [_thread_blocked, id=14219, stack(0x00007fd77f800000,0x00007fd77f900000)]
  0x00007fd7ac1ab250 JavaThread "Signal Dispatcher" daemon [_thread_blocked, id=14220, stack(0x00007fd77f700000,0x00007fd77f800000)]
  0x00007fd7ac1ac600 JavaThread "Service Thread" daemon [_thread_blocked, id=14221, stack(0x00007fd77f600000,0x00007fd77f700000)]
  0x00007fd7ac1ad9a0 JavaThread "Monitor Deflation Thread" daemon [_thread_blocked, id=14222, stack(0x00007fd77f500000,0x00007fd77f600000)]
  0x00007fd7ac1af3b0 JavaThread "C2 CompilerThread0" daemon [_thread_in_native, id=14223, stack(0x00007fd77f400000,0x00007fd77f500000)]
  0x00007fd7ac1b08f0 JavaThread "C1 CompilerThread0" daemon [_thread_blocked, id=14224, stack(0x00007fd77f300000,0x00007fd77f400000)]
  0x00007fd7ac1b1dc0 JavaThread "Sweeper thread" daemon [_thread_blocked, id=14225, stack(0x00007fd77f200000,0x00007fd77f300000)]
  0x00007fd7ac253b50 JavaThread "Common-Cleaner" daemon [_thread_blocked, id=14228, stack(0x00007fd77f100000,0x00007fd77f200000)]
  0x00007fd7ac312360 JavaThread "Monitor Ctrl-Break" daemon [_thread_in_native, id=14230, stack(0x00007fd77f000000,0x00007fd77f100000)]
  0x00007fd7ac313b70 JavaThread "Notification Thread" daemon [_thread_blocked, id=14231, stack(0x00007fd77ef00000,0x00007fd77f000000)]
  0x00007fd764001000 JavaThread "Attach Listener" daemon [_thread_blocked, id=14241, stack(0x00007fd77ecfe000,0x00007fd77edfe000)]
=>0x00007fd75422a400 JavaThread "C2 CompilerThread1" daemon [_thread_in_native, id=14244, stack(0x00007fd77e8f8000,0x00007fd77e9f8000)]
  0x00007fd764001c40 JavaThread "SIGINT handler" daemon [_thread_blocked, id=14253, stack(0x00007fd77e7f8000,0x00007fd77e8f8000)]
  0x00007fd7200e8040 JavaThread "SpringApplicationShutdownHook" [_thread_blocked, id=14255, stack(0x00007fd77e5f8000,0x00007fd77e6f8000)]

Other Threads:
  0x00007fd7ac167bb0 VMThread "VM Thread" [stack: 0x00007fd77fd2d000,0x00007fd77fe2d000] [id=14216]
  0x00007fd7ac01bee0 WatcherThread "VM Periodic Task Thread" [stack: 0x00007fd77ee00000,0x00007fd77ef00000] [id=14232]
  0x00007fd7ac074800 WorkerThread "GC Thread#0" [stack: 0x00007fd7abf00000,0x00007fd7ac000000] [id=14211]
  0x00007fd7680068f0 WorkerThread "GC Thread#1" [stack: 0x00007fd77ebfe000,0x00007fd77ecfe000] [id=14234]
  0x00007fd768007330 WorkerThread "GC Thread#2" [stack: 0x00007fd77eafc000,0x00007fd77ebfc000] [id=14235]
  0x00007fd768007d70 WorkerThread "GC Thread#3" [stack: 0x00007fd77e9fa000,0x00007fd77eafa000] [id=14236]
  0x00007fd7ac081750 ConcurrentGCThread "G1 Main Marker" [stack: 0x00007fd78e696000,0x00007fd78e796000] [id=14212]
  0x00007fd7ac082670 WorkerThread "G1 Conc#0" [stack: 0x00007fd78e594000,0x00007fd78e694000] [id=14213]
  0x00007fd7ac018970 ConcurrentGCThread "G1 Refine#0" [stack: 0x00007fd78c08e000,0x00007fd78c18e000] [id=14214]
  0x00007fd7ac0e3ab0 ConcurrentGCThread "G1 Service" [stack: 0x00007fd77ff00000,0x00007fd780000000] [id=14215]

Threads with active compile tasks:
C2 CompilerThread0     4265 3191       4       org.springframework.beans.factory.support.AbstractAutowireCapableBeanFactory::predictBeanType (128 bytes)
C2 CompilerThread1     4265 2884   !   4       jdk.internal.loader.BuiltinClassLoader::loadClassOrNull (143 bytes)

VM state: not at safepoint (normal execution)

VM Mutex/Monitor currently owned by a thread: None

Heap address: 0x0000000746c00000, size: 2964 MB, Compressed Oops mode: Zero based, Oop shift amount: 3

CDS archive(s) not mapped
Compressed class space mapped at: 0x0000000800000000-0x0000000840000000, reserved size: 1073741824
Narrow klass base: 0x0000000800000000, Narrow klass shift: 0, Narrow klass range: 0x40000000

GC Precious Log:
 CardTable entry size: 512
 Card Set container configuration: InlinePtr #cards 4 size 8 Array Of Cards #cards 16 size 48 Howl #buckets 8 coarsen threshold 3686 Howl Bitmap #cards 512 size 80 coarsen threshold 460 Card regions per heap region 1 cards per card region 4096
 CPUs: 4 total, 4 available
 Memory: 11855M
 Large Page Support: Disabled
 NUMA Support: Disabled
 Compressed Oops: Enabled (Zero based)
 Heap Region Size: 2M
 Heap Min Capacity: 8M
 Heap Initial Capacity: 186M
 Heap Max Capacity: 2964M
 Pre-touch: Disabled
 Parallel Workers: 4
 Concurrent Workers: 1
 Concurrent Refinement Workers: 4
 Periodic GC: Disabled

Heap:
 garbage-first heap   total 116736K, used 40627K [0x0000000746c00000, 0x0000000800000000)
  region size 2048K, 16 young (32768K), 1 survivors (2048K)
 Metaspace       used 33489K, committed 33856K, reserved 1114112K
  class space    used 3737K, committed 3904K, reserved 1048576K

Heap Regions: E=young(eden), S=young(survivor), O=old, HS=humongous(starts), HC=humongous(continues), CS=collection set, F=free, OA=open archive, CA=closed archive, TAMS=top-at-mark-start (previous, next)
|   0|0x0000000746c00000, 0x0000000746e00000, 0x0000000746e00000|100%| O|  |TAMS 0x0000000746e00000, 0x0000000746c00000| Untracked 
|   1|0x0000000746e00000, 0x0000000747000000, 0x0000000747000000|100%| O|  |TAMS 0x0000000747000000, 0x0000000746e00000| Untracked 
|   2|0x0000000747000000, 0x0000000747000000, 0x0000000747200000|  0%| F|  |TAMS 0x0000000747000000, 0x0000000747000000| Untracked 
|   3|0x0000000747200000, 0x0000000747400000, 0x0000000747400000|100%| O|  |TAMS 0x0000000747200000, 0x0000000747200000| Untracked 
|   4|0x0000000747400000, 0x0000000747600000, 0x0000000747600000|100%| O|  |TAMS 0x0000000747400000, 0x0000000747400000| Untracked 
|   5|0x0000000747600000, 0x00000007477d7200, 0x0000000747800000| 92%| O|  |TAMS 0x0000000747600000, 0x0000000747600000| Untracked 
|   6|0x0000000747800000, 0x0000000747800000, 0x0000000747a00000|  0%| F|  |TAMS 0x0000000747800000, 0x0000000747800000| Untracked 
|   7|0x0000000747a00000, 0x0000000747a00000, 0x0000000747c00000|  0%| F|  |TAMS 0x0000000747a00000, 0x0000000747a00000| Untracked 
|   8|0x0000000747c00000, 0x0000000747c00000, 0x0000000747e00000|  0%| F|  |TAMS 0x0000000747c00000, 0x0000000747c00000| Untracked 
|   9|0x0000000747e00000, 0x0000000747e00000, 0x0000000748000000|  0%| F|  |TAMS 0x0000000747e00000, 0x0000000747e00000| Untracked 
|  10|0x0000000748000000, 0x0000000748000000, 0x0000000748200000|  0%| F|  |TAMS 0x0000000748000000, 0x0000000748000000| Untracked 
|  11|0x0000000748200000, 0x00000007483d5a10, 0x0000000748400000| 91%| S|CS|TAMS 0x0000000748200000, 0x0000000748200000| Complete 
|  12|0x0000000748400000, 0x0000000748400000, 0x0000000748600000|  0%| F|  |TAMS 0x0000000748400000, 0x0000000748400000| Untracked 
|  13|0x0000000748600000, 0x0000000748600000, 0x0000000748800000|  0%| F|  |TAMS 0x0000000748600000, 0x0000000748600000| Untracked 
|  14|0x0000000748800000, 0x0000000748800000, 0x0000000748a00000|  0%| F|  |TAMS 0x0000000748800000, 0x0000000748800000| Untracked 
|  15|0x0000000748a00000, 0x0000000748a00000, 0x0000000748c00000|  0%| F|  |TAMS 0x0000000748a00000, 0x0000000748a00000| Untracked 
|  16|0x0000000748c00000, 0x0000000748c00000, 0x0000000748e00000|  0%| F|  |TAMS 0x0000000748c00000, 0x0000000748c00000| Untracked 
|  17|0x0000000748e00000, 0x0000000748e00000, 0x0000000749000000|  0%| F|  |TAMS 0x0000000748e00000, 0x0000000748e00000| Untracked 
|  18|0x0000000749000000, 0x0000000749000000, 0x0000000749200000|  0%| F|  |TAMS 0x0000000749000000, 0x0000000749000000| Untracked 
|  19|0x0000000749200000, 0x0000000749200000, 0x0000000749400000|  0%| F|  |TAMS 0x0000000749200000, 0x0000000749200000| Untracked 
|  20|0x0000000749400000, 0x0000000749400000, 0x0000000749600000|  0%| F|  |TAMS 0x0000000749400000, 0x0000000749400000| Untracked 
|  21|0x0000000749600000, 0x0000000749600000, 0x0000000749800000|  0%| F|  |TAMS 0x0000000749600000, 0x0000000749600000| Untracked 
|  22|0x0000000749800000, 0x0000000749800000, 0x0000000749a00000|  0%| F|  |TAMS 0x0000000749800000, 0x0000000749800000| Untracked 
|  23|0x0000000749a00000, 0x0000000749a00000, 0x0000000749c00000|  0%| F|  |TAMS 0x0000000749a00000, 0x0000000749a00000| Untracked 
|  24|0x0000000749c00000, 0x0000000749c00000, 0x0000000749e00000|  0%| F|  |TAMS 0x0000000749c00000, 0x0000000749c00000| Untracked 
|  25|0x0000000749e00000, 0x0000000749e00000, 0x000000074a000000|  0%| F|  |TAMS 0x0000000749e00000, 0x0000000749e00000| Untracked 
|  26|0x000000074a000000, 0x000000074a000000, 0x000000074a200000|  0%| F|  |TAMS 0x000000074a000000, 0x000000074a000000| Untracked 
|  27|0x000000074a200000, 0x000000074a200000, 0x000000074a400000|  0%| F|  |TAMS 0x000000074a200000, 0x000000074a200000| Untracked 
|  28|0x000000074a400000, 0x000000074a400000, 0x000000074a600000|  0%| F|  |TAMS 0x000000074a400000, 0x000000074a400000| Untracked 
|  29|0x000000074a600000, 0x000000074a600000, 0x000000074a800000|  0%| F|  |TAMS 0x000000074a600000, 0x000000074a600000| Untracked 
|  30|0x000000074a800000, 0x000000074a800000, 0x000000074aa00000|  0%| F|  |TAMS 0x000000074a800000, 0x000000074a800000| Untracked 
|  31|0x000000074aa00000, 0x000000074aa00000, 0x000000074ac00000|  0%| F|  |TAMS 0x000000074aa00000, 0x000000074aa00000| Untracked 
|  32|0x000000074ac00000, 0x000000074ac00000, 0x000000074ae00000|  0%| F|  |TAMS 0x000000074ac00000, 0x000000074ac00000| Untracked 
|  33|0x000000074ae00000, 0x000000074ae00000, 0x000000074b000000|  0%| F|  |TAMS 0x000000074ae00000, 0x000000074ae00000| Untracked 
|  34|0x000000074b000000, 0x000000074b000000, 0x000000074b200000|  0%| F|  |TAMS 0x000000074b000000, 0x000000074b000000| Untracked 
|  35|0x000000074b200000, 0x000000074b200000, 0x000000074b400000|  0%| F|  |TAMS 0x000000074b200000, 0x000000074b200000| Untracked 
|  36|0x000000074b400000, 0x000000074b400000, 0x000000074b600000|  0%| F|  |TAMS 0x000000074b400000, 0x000000074b400000| Untracked 
|  37|0x000000074b600000, 0x000000074b600000, 0x000000074b800000|  0%| F|  |TAMS 0x000000074b600000, 0x000000074b600000| Untracked 
|  38|0x000000074b800000, 0x000000074b800000, 0x000000074ba00000|  0%| F|  |TAMS 0x000000074b800000, 0x000000074b800000| Untracked 
|  39|0x000000074ba00000, 0x000000074ba00000, 0x000000074bc00000|  0%| F|  |TAMS 0x000000074ba00000, 0x000000074ba00000| Untracked 
|  40|0x000000074bc00000, 0x000000074bc00000, 0x000000074be00000|  0%| F|  |TAMS 0x000000074bc00000, 0x000000074bc00000| Untracked 
|  41|0x000000074be00000, 0x000000074be00000, 0x000000074c000000|  0%| F|  |TAMS 0x000000074be00000, 0x000000074be00000| Untracked 
|  42|0x000000074c000000, 0x000000074c089df0, 0x000000074c200000| 26%| E|  |TAMS 0x000000074c000000, 0x000000074c000000| Complete 
|  43|0x000000074c200000, 0x000000074c400000, 0x000000074c400000|100%| E|CS|TAMS 0x000000074c200000, 0x000000074c200000| Complete 
|  44|0x000000074c400000, 0x000000074c600000, 0x000000074c600000|100%| E|CS|TAMS 0x000000074c400000, 0x000000074c400000| Complete 
|  45|0x000000074c600000, 0x000000074c800000, 0x000000074c800000|100%| E|CS|TAMS 0x000000074c600000, 0x000000074c600000| Complete 
|  46|0x000000074c800000, 0x000000074ca00000, 0x000000074ca00000|100%| E|CS|TAMS 0x000000074c800000, 0x000000074c800000| Complete 
|  47|0x000000074ca00000, 0x000000074cc00000, 0x000000074cc00000|100%| E|CS|TAMS 0x000000074ca00000, 0x000000074ca00000| Complete 
|  48|0x000000074cc00000, 0x000000074ce00000, 0x000000074ce00000|100%| E|CS|TAMS 0x000000074cc00000, 0x000000074cc00000| Complete 
|  49|0x000000074ce00000, 0x000000074d000000, 0x000000074d000000|100%| E|CS|TAMS 0x000000074ce00000, 0x000000074ce00000| Complete 
|  50|0x000000074d000000, 0x000000074d200000, 0x000000074d200000|100%| E|CS|TAMS 0x000000074d000000, 0x000000074d000000| Complete 
|  51|0x000000074d200000, 0x000000074d400000, 0x000000074d400000|100%| E|CS|TAMS 0x000000074d200000, 0x000000074d200000| Complete 
|  52|0x000000074d400000, 0x000000074d600000, 0x000000074d600000|100%| E|CS|TAMS 0x000000074d400000, 0x000000074d400000| Complete 
|  53|0x000000074d600000, 0x000000074d800000, 0x000000074d800000|100%| E|CS|TAMS 0x000000074d600000, 0x000000074d600000| Complete 
|  77|0x0000000750600000, 0x0000000750800000, 0x0000000750800000|100%| E|CS|TAMS 0x0000000750600000, 0x0000000750600000| Complete 
|  78|0x0000000750800000, 0x0000000750a00000, 0x0000000750a00000|100%| E|CS|TAMS 0x0000000750800000, 0x0000000750800000| Complete 
|  92|0x0000000752400000, 0x0000000752600000, 0x0000000752600000|100%| E|CS|TAMS 0x0000000752400000, 0x0000000752400000| Complete 

Card table byte_map: [0x00007fd7b0092000,0x00007fd7b065c000] _byte_map_base: 0x00007fd7ac65c000

Marking Bits (Prev, Next): (CMBitMap*) 0x00007fd7ac0752d0, (CMBitMap*) 0x00007fd7ac075290
 Prev Bits: [0x00007fd78e796000, 0x00007fd7915e6000)
 Next Bits: [0x00007fd7915e6000, 0x00007fd794436000)

Polling page: 0x00007fd7b2e53000

Metaspace:

Usage:
  Non-class:     29,06 MB used.
      Class:      3,65 MB used.
       Both:     32,71 MB used.

Virtual space:
  Non-class space:       64,00 MB reserved,      29,25 MB ( 46%) committed,  1 nodes.
      Class space:        1,00 GB reserved,       3,81 MB ( <1%) committed,  1 nodes.
             Both:        1,06 GB reserved,      33,06 MB (  3%) committed. 

Chunk freelists:
   Non-Class:  2,28 MB
       Class:  191,00 KB
        Both:  2,47 MB

MaxMetaspaceSize: unlimited
CompressedClassSpaceSize: 1,00 GB
Initial GC threshold: 21,00 MB
Current GC threshold: 35,12 MB
CDS: off
MetaspaceReclaimPolicy: balanced
 - commit_granule_bytes: 65536.
 - commit_granule_words: 8192.
 - virtual_space_node_default_size: 8388608.
 - enlarge_chunks_in_place: 1.
 - new_chunks_are_fully_committed: 0.
 - uncommit_free_chunks: 1.
 - use_allocation_guard: 0.


Internal statistics:

num_allocs_failed_limit: 3.
num_arena_births: 298.
num_arena_deaths: 0.
num_vsnodes_births: 2.
num_vsnodes_deaths: 0.
num_space_committed: 529.
num_space_uncommitted: 0.
num_chunks_returned_to_freelist: 3.
num_chunks_taken_from_freelist: 1163.
num_chunk_merges: 3.
num_chunk_splits: 791.
num_chunks_enlarged: 635.
num_inconsistent_stats: 0.

CodeHeap 'non-profiled nmethods': size=120032Kb used=1280Kb max_used=1280Kb free=118751Kb
 bounds [0x00007fd79c4c8000, 0x00007fd79c738000, 0x00007fd7a3a00000]
CodeHeap 'profiled nmethods': size=120028Kb used=6622Kb max_used=6622Kb free=113405Kb
 bounds [0x00007fd794a00000, 0x00007fd795080000, 0x00007fd79bf37000]
CodeHeap 'non-nmethods': size=5700Kb used=1279Kb max_used=1341Kb free=4420Kb
 bounds [0x00007fd79bf37000, 0x00007fd79c1a7000, 0x00007fd79c4c8000]
 total_blobs=3738 nmethods=3238 adapters=411
 compilation: enabled
              stopped_count=0, restarted_count=0
 full_count=0

Compilation events (20 events):
Event: 4,136 Thread 0x00007fd7ac1b08f0 3225       3       java.lang.Class::getDeclaredConstructor (31 bytes)
Event: 4,137 Thread 0x00007fd7ac1b08f0 nmethod 3225 0x00007fd795065910 code [0x00007fd795065b60, 0x00007fd7950663f0]
Event: 4,147 Thread 0x00007fd7ac1b08f0 3226   !   3       org.springframework.beans.factory.support.DefaultListableBeanFactory::doGetBeanNamesForType (505 bytes)
Event: 4,167 Thread 0x00007fd7ac1b08f0 nmethod 3226 0x00007fd795066790 code [0x00007fd795066fa0, 0x00007fd79506d600]
Event: 4,168 Thread 0x00007fd7ac1b08f0 3228       3       java.lang.String::join (281 bytes)
Event: 4,175 Thread 0x00007fd7ac1b08f0 nmethod 3228 0x00007fd79506f990 code [0x00007fd79506fce0, 0x00007fd795071180]
Event: 4,175 Thread 0x00007fd7ac1b08f0 3227       3       org.springframework.util.ReflectionUtils$$Lambda$454/0x000000080023d578::doWith (9 bytes)
Event: 4,175 Thread 0x00007fd7ac1b08f0 nmethod 3227 0x00007fd795071c10 code [0x00007fd795071dc0, 0x00007fd795071f00]
Event: 4,176 Thread 0x00007fd7ac1b08f0 3229       3       org.springframework.boot.autoconfigure.condition.SpringBootCondition::recordEvaluation (25 bytes)
Event: 4,177 Thread 0x00007fd7ac1b08f0 nmethod 3229 0x00007fd795071f90 code [0x00007fd795072160, 0x00007fd7950723f0]
Event: 4,182 Thread 0x00007fd7ac1b08f0 3230       3       org.springframework.core.SerializableTypeWrapper$MethodParameterTypeProvider::getType (8 bytes)
Event: 4,182 Thread 0x00007fd7ac1b08f0 nmethod 3230 0x00007fd795072590 code [0x00007fd795072740, 0x00007fd795072880]
Event: 4,207 Thread 0x00007fd7ac1af3b0 nmethod 3159 0x00007fd79c5fd090 code [0x00007fd79c5fd5a0, 0x00007fd79c6012d0]
Event: 4,207 Thread 0x00007fd7ac1af3b0 3221       4       org.springframework.beans.factory.support.AbstractBeanFactory::getMergedLocalBeanDefinition (38 bytes)
Event: 4,207 Thread 0x00007fd7ac1b08f0 3231       3       org.springframework.core.annotation.TypeMappedAnnotations$MergedAnnotationFinder::process (167 bytes)
Event: 4,208 Thread 0x00007fd7ac1b08f0 nmethod 3231 0x00007fd795072990 code [0x00007fd795072c20, 0x00007fd795073840]
Event: 4,226 Thread 0x00007fd7ac1af3b0 nmethod 3221 0x00007fd79c604e90 code [0x00007fd79c605060, 0x00007fd79c6055d0]
Event: 4,226 Thread 0x00007fd7ac1af3b0 3164       4       org.springframework.beans.factory.support.AbstractBeanFactory::transformedBeanName (9 bytes)
Event: 4,227 Thread 0x00007fd7ac1b08f0 3234       3       org.springframework.boot.autoconfigure.condition.ConditionOutcome::match (10 bytes)
Event: 4,229 Thread 0x00007fd7ac1b08f0 nmethod 3234 0x00007fd795073c90 code [0x00007fd795073e60, 0x00007fd795074240]

GC Heap History (12 events):
Event: 0,654 GC heap before
{Heap before GC invocations=0 (full 0):
 garbage-first heap   total 190464K, used 12288K [0x0000000746c00000, 0x0000000800000000)
  region size 2048K, 6 young (12288K), 0 survivors (0K)
 Metaspace       used 10067K, committed 10176K, reserved 1114112K
  class space    used 887K, committed 960K, reserved 1048576K
}
Event: 0,661 GC heap after
{Heap after GC invocations=1 (full 0):
 garbage-first heap   total 190464K, used 5357K [0x0000000746c00000, 0x0000000800000000)
  region size 2048K, 1 young (2048K), 1 survivors (2048K)
 Metaspace       used 10067K, committed 10176K, reserved 1114112K
  class space    used 887K, committed 960K, reserved 1048576K
}
Event: 1,004 GC heap before
{Heap before GC invocations=1 (full 0):
 garbage-first heap   total 190464K, used 13549K [0x0000000746c00000, 0x0000000800000000)
  region size 2048K, 5 young (10240K), 1 survivors (2048K)
 Metaspace       used 12269K, committed 12480K, reserved 1114112K
  class space    used 1206K, committed 1344K, reserved 1048576K
}
Event: 1,007 GC heap after
{Heap after GC invocations=2 (full 0):
 garbage-first heap   total 190464K, used 6094K [0x0000000746c00000, 0x0000000800000000)
  region size 2048K, 1 young (2048K), 1 survivors (2048K)
 Metaspace       used 12269K, committed 12480K, reserved 1114112K
  class space    used 1206K, committed 1344K, reserved 1048576K
}
Event: 1,998 GC heap before
{Heap before GC invocations=2 (full 0):
 garbage-first heap   total 190464K, used 28622K [0x0000000746c00000, 0x0000000800000000)
  region size 2048K, 14 young (28672K), 1 survivors (2048K)
 Metaspace       used 21315K, committed 21504K, reserved 1114112K
  class space    used 2146K, committed 2240K, reserved 1048576K
}
Event: 2,015 GC heap after
{Heap after GC invocations=3 (full 0):
 garbage-first heap   total 190464K, used 8773K [0x0000000746c00000, 0x0000000800000000)
  region size 2048K, 2 young (4096K), 2 survivors (4096K)
 Metaspace       used 21315K, committed 21504K, reserved 1114112K
  class space    used 2146K, committed 2240K, reserved 1048576K
}
Event: 2,586 GC heap before
{Heap before GC invocations=4 (full 0):
 garbage-first heap   total 40960K, used 29253K [0x0000000746c00000, 0x0000000800000000)
  region size 2048K, 12 young (24576K), 2 survivors (4096K)
 Metaspace       used 26728K, committed 27008K, reserved 1114112K
  class space    used 2896K, committed 3072K, reserved 1048576K
}
Event: 2,594 GC heap after
{Heap after GC invocations=5 (full 0):
 garbage-first heap   total 40960K, used 10283K [0x0000000746c00000, 0x0000000800000000)
  region size 2048K, 1 young (2048K), 1 survivors (2048K)
 Metaspace       used 26728K, committed 27008K, reserved 1114112K
  class space    used 2896K, committed 3072K, reserved 1048576K
}
Event: 2,625 GC heap before
{Heap before GC invocations=5 (full 0):
 garbage-first heap   total 40960K, used 12331K [0x0000000746c00000, 0x0000000800000000)
  region size 2048K, 2 young (4096K), 1 survivors (2048K)
 Metaspace       used 27160K, committed 27520K, reserved 1114112K
  class space    used 2957K, committed 3136K, reserved 1048576K
}
Event: 2,629 GC heap after
{Heap after GC invocations=6 (full 0):
 garbage-first heap   total 40960K, used 10412K [0x0000000746c00000, 0x0000000800000000)
  region size 2048K, 1 young (2048K), 1 survivors (2048K)
 Metaspace       used 27160K, committed 27520K, reserved 1114112K
  class space    used 2957K, committed 3136K, reserved 1048576K
}
Event: 3,122 GC heap before
{Heap before GC invocations=6 (full 0):
 garbage-first heap   total 40960K, used 24748K [0x0000000746c00000, 0x0000000800000000)
  region size 2048K, 8 young (16384K), 1 survivors (2048K)
 Metaspace       used 29811K, committed 30080K, reserved 1114112K
  class space    used 3279K, committed 3392K, reserved 1048576K
}
Event: 3,126 GC heap after
{Heap after GC invocations=7 (full 0):
 garbage-first heap   total 116736K, used 11955K [0x0000000746c00000, 0x0000000800000000)
  region size 2048K, 1 young (2048K), 1 survivors (2048K)
 Metaspace       used 29811K, committed 30080K, reserved 1114112K
  class space    used 3279K, committed 3392K, reserved 1048576K
}

Dll operation events (10 events):
Event: 0,009 Loaded shared library /usr/lib/jvm/java-19-openjdk/lib/libjava.so
Event: 0,034 Loaded shared library /usr/lib/jvm/java-19-openjdk/lib/libjsvml.so
Event: 0,201 Loaded shared library /usr/lib/jvm/java-19-openjdk/lib/libzip.so
Event: 0,204 Loaded shared library /usr/lib/jvm/java-19-openjdk/lib/libinstrument.so
Event: 0,225 Loaded shared library /usr/lib/jvm/java-19-openjdk/lib/libnio.so
Event: 0,249 Loaded shared library /usr/lib/jvm/java-19-openjdk/lib/libzip.so
Event: 0,285 Loaded shared library /usr/lib/jvm/java-19-openjdk/lib/libnet.so
Event: 0,381 Loaded shared library /usr/lib/jvm/java-19-openjdk/lib/libextnet.so
Event: 0,453 Loaded shared library /usr/lib/jvm/java-19-openjdk/lib/libjimage.so
Event: 2,641 Loaded shared library /usr/lib/jvm/java-19-openjdk/lib/libverify.so

Deoptimization events (20 events):
Event: 3,208 Thread 0x00007fd7ac0193b0 Uncommon trap: trap_request=0xffffff45 fr.pc=0x00007fd79c599e8c relative=0x00000000000006cc
Event: 3,208 Thread 0x00007fd7ac0193b0 Uncommon trap: reason=unstable_if action=reinterpret pc=0x00007fd79c599e8c method=java.lang.String.<init>([CIILjava/lang/Void;)V @ 5 c2
Event: 3,208 Thread 0x00007fd7ac0193b0 DEOPT PACKING pc=0x00007fd79c599e8c sp=0x00007fd7b15fadb0
Event: 3,208 Thread 0x00007fd7ac0193b0 DEOPT UNPACKING pc=0x00007fd79bf9d299 sp=0x00007fd7b15fac50 mode 2
Event: 3,362 Thread 0x00007fd7ac0193b0 Uncommon trap: trap_request=0xffffff45 fr.pc=0x00007fd79c5b9b4c relative=0x000000000000132c
Event: 3,362 Thread 0x00007fd7ac0193b0 Uncommon trap: reason=unstable_if action=reinterpret pc=0x00007fd79c5b9b4c method=jdk.internal.jimage.ImageLocation.verifyName(Ljava/lang/String;Ljava/lang/String;IIIIIILjdk/internal/jimage/ImageStrings;)Z @ 2 c2
Event: 3,362 Thread 0x00007fd7ac0193b0 DEOPT PACKING pc=0x00007fd79c5b9b4c sp=0x00007fd7b15fabe0
Event: 3,362 Thread 0x00007fd7ac0193b0 DEOPT UNPACKING pc=0x00007fd79bf9d299 sp=0x00007fd7b15faad8 mode 2
Event: 3,866 Thread 0x00007fd7ac0193b0 Uncommon trap: trap_request=0xffffff45 fr.pc=0x00007fd79c5e2448 relative=0x0000000000000368
Event: 3,866 Thread 0x00007fd7ac0193b0 Uncommon trap: reason=unstable_if action=reinterpret pc=0x00007fd79c5e2448 method=org.springframework.beans.factory.support.AbstractBeanFactory.getMergedLocalBeanDefinition(Ljava/lang/String;)Lorg/springframework/beans/factory/support/RootBeanDefinition; 
Event: 3,866 Thread 0x00007fd7ac0193b0 DEOPT PACKING pc=0x00007fd79c5e2448 sp=0x00007fd7b15faed0
Event: 3,866 Thread 0x00007fd7ac0193b0 DEOPT UNPACKING pc=0x00007fd79bf9d299 sp=0x00007fd7b15faeb8 mode 2
Event: 4,033 Thread 0x00007fd7ac0193b0 Uncommon trap: trap_request=0xffffff45 fr.pc=0x00007fd79c5c2ca8 relative=0x00000000000004c8
Event: 4,034 Thread 0x00007fd7ac0193b0 Uncommon trap: reason=unstable_if action=reinterpret pc=0x00007fd79c5c2ca8 method=org.springframework.util.ConcurrentReferenceHashMap$Segment.findInChain(Lorg/springframework/util/ConcurrentReferenceHashMap$Reference;Ljava/lang/Object;I)Lorg/springframewo
Event: 4,034 Thread 0x00007fd7ac0193b0 DEOPT PACKING pc=0x00007fd79c5c2ca8 sp=0x00007fd7b15fa950
Event: 4,034 Thread 0x00007fd7ac0193b0 DEOPT UNPACKING pc=0x00007fd79bf9d299 sp=0x00007fd7b15fa778 mode 2
Event: 4,034 Thread 0x00007fd7ac0193b0 Uncommon trap: trap_request=0xffffff45 fr.pc=0x00007fd79c5bea64 relative=0x0000000000000224
Event: 4,034 Thread 0x00007fd7ac0193b0 Uncommon trap: reason=unstable_if action=reinterpret pc=0x00007fd79c5bea64 method=org.springframework.util.ConcurrentReferenceHashMap$Segment.findInChain(Lorg/springframework/util/ConcurrentReferenceHashMap$Reference;Ljava/lang/Object;I)Lorg/springframewo
Event: 4,034 Thread 0x00007fd7ac0193b0 DEOPT PACKING pc=0x00007fd79c5bea64 sp=0x00007fd7b15fa6e0
Event: 4,034 Thread 0x00007fd7ac0193b0 DEOPT UNPACKING pc=0x00007fd79bf9d299 sp=0x00007fd7b15fa688 mode 2

Classes loaded (20 events):
Event: 3,328 Loading class java/beans/PropertyVetoException
Event: 3,328 Loading class java/beans/PropertyVetoException done
Event: 3,750 Loading class java/lang/UnsupportedClassVersionError
Event: 3,750 Loading class java/lang/ClassFormatError
Event: 3,750 Loading class java/lang/ClassFormatError done
Event: 3,750 Loading class java/lang/UnsupportedClassVersionError done
Event: 3,957 Loading class java/util/stream/ReferencePipeline$15
Event: 3,957 Loading class java/util/stream/ReferencePipeline$15 done
Event: 3,958 Loading class java/util/stream/ReferencePipeline$15$1
Event: 3,958 Loading class java/util/stream/ReferencePipeline$15$1 done
Event: 3,970 Loading class sun/reflect/generics/tree/BooleanSignature
Event: 3,970 Loading class sun/reflect/generics/tree/BooleanSignature done
Event: 4,206 Loading class jdk/internal/misc/Signal$1
Event: 4,206 Loading class jdk/internal/misc/Signal$1 done
Event: 4,213 Loading class java/util/IdentityHashMap$KeyIterator
Event: 4,214 Loading class java/util/IdentityHashMap$KeyIterator done
Event: 4,223 Loading class java/util/WeakHashMap$KeyIterator
Event: 4,223 Loading class java/util/WeakHashMap$HashIterator
Event: 4,224 Loading class java/util/WeakHashMap$HashIterator done
Event: 4,224 Loading class java/util/WeakHashMap$KeyIterator done

Classes unloaded (0 events):
No events

Classes redefined (0 events):
No events

Internal exceptions (20 events):
Event: 2,329 Thread 0x00007fd7ac0193b0 Exception <a 'java/lang/NoSuchMethodError'{0x000000074879be18}: 'java.lang.Object java.lang.invoke.DirectMethodHandle$Holder.invokeSpecial(java.lang.Object, java.lang.Object, java.lang.Object, java.lang.Object, java.lang.Object, java.lang.Object, int)'> (0x000000074879be18) 
thrown [/usr/src/debug/java-openjdk/jdk19u-jdk-19.0.2-7/src/hotspot/share/interpreter/linkResolver.cpp, line 773]
Event: 2,329 Thread 0x00007fd7ac0193b0 Exception <a 'java/lang/NoSuchMethodError'{0x00000007487a68f8}: 'java.lang.Object java.lang.invoke.DirectMethodHandle$Holder.newInvokeSpecial(java.lang.Object, java.lang.Object, java.lang.Object, java.lang.Object, java.lang.Object, java.lang.Object, int)'> (0x00000007487a68f8) 
thrown [/usr/src/debug/java-openjdk/jdk19u-jdk-19.0.2-7/src/hotspot/share/interpreter/linkResolver.cpp, line 773]
Event: 2,330 Thread 0x00007fd7ac0193b0 Exception <a 'java/lang/NoSuchMethodError'{0x00000007487abec0}: 'java.lang.Object java.lang.invoke.DirectMethodHandle$Holder.invokeSpecial(java.lang.Object, java.lang.Object, java.lang.Object, java.lang.Object, java.lang.Object, java.lang.Object, java.lang.Object, int)'> (0x00000007487abec0) 
thrown [/usr/src/debug/java-openjdk/jdk19u-jdk-19.0.2-7/src/hotspot/share/interpreter/linkResolver.cpp, line 773]
Event: 2,367 Thread 0x00007fd7ac0193b0 Exception <a 'java/lang/NoSuchMethodError'{0x00000007484db5c0}: 'void java.lang.invoke.DirectMethodHandle$Holder.invokeStatic(java.lang.Object, java.lang.Object, java.lang.Object, java.lang.Object, java.lang.Object, java.lang.Object)'> (0x00000007484db5c0) 
thrown [/usr/src/debug/java-openjdk/jdk19u-jdk-19.0.2-7/src/hotspot/share/interpreter/linkResolver.cpp, line 773]
Event: 2,392 Thread 0x00007fd7ac0193b0 Exception <a 'java/lang/NoSuchMethodError'{0x00000007485a88e0}: 'java.lang.Object java.lang.invoke.DirectMethodHandle$Holder.invokeSpecial(java.lang.Object, java.lang.Object, java.lang.Object, int, java.lang.Object)'> (0x00000007485a88e0) 
thrown [/usr/src/debug/java-openjdk/jdk19u-jdk-19.0.2-7/src/hotspot/share/interpreter/linkResolver.cpp, line 773]
Event: 2,393 Thread 0x00007fd7ac0193b0 Exception <a 'java/lang/NoSuchMethodError'{0x00000007485b13b8}: 'java.lang.Object java.lang.invoke.DirectMethodHandle$Holder.newInvokeSpecial(java.lang.Object, java.lang.Object, java.lang.Object, int, java.lang.Object)'> (0x00000007485b13b8) 
thrown [/usr/src/debug/java-openjdk/jdk19u-jdk-19.0.2-7/src/hotspot/share/interpreter/linkResolver.cpp, line 773]
Event: 2,395 Thread 0x00007fd7ac0193b0 Exception <a 'java/lang/NoSuchMethodError'{0x00000007485c7190}: 'java.lang.Object java.lang.invoke.DirectMethodHandle$Holder.newInvokeSpecial(java.lang.Object, int, java.lang.Object)'> (0x00000007485c7190) 
thrown [/usr/src/debug/java-openjdk/jdk19u-jdk-19.0.2-7/src/hotspot/share/interpreter/linkResolver.cpp, line 773]
Event: 2,461 Thread 0x00007fd7ac0193b0 Exception <a 'java/lang/NoSuchMethodError'{0x000000074834efd8}: 'java.lang.Object java.lang.invoke.DirectMethodHandle$Holder.invokeStatic(java.lang.Object, long, java.lang.Object)'> (0x000000074834efd8) 
thrown [/usr/src/debug/java-openjdk/jdk19u-jdk-19.0.2-7/src/hotspot/share/interpreter/linkResolver.cpp, line 773]
Event: 2,462 Thread 0x00007fd7ac0193b0 Exception <a 'java/lang/NoSuchMethodError'{0x0000000748352e38}: 'java.lang.Object java.lang.invoke.DirectMethodHandle$Holder.invokeStaticInit(java.lang.Object, long, java.lang.Object)'> (0x0000000748352e38) 
thrown [/usr/src/debug/java-openjdk/jdk19u-jdk-19.0.2-7/src/hotspot/share/interpreter/linkResolver.cpp, line 773]
Event: 2,462 Thread 0x00007fd7ac0193b0 Exception <a 'java/lang/NoSuchMethodError'{0x0000000748359390}: 'java.lang.Object java.lang.invoke.DirectMethodHandle$Holder.newInvokeSpecial(java.lang.Object, long)'> (0x0000000748359390) 
thrown [/usr/src/debug/java-openjdk/jdk19u-jdk-19.0.2-7/src/hotspot/share/interpreter/linkResolver.cpp, line 773]
Event: 2,508 Thread 0x00007fd7ac0193b0 Exception <a 'java/lang/IncompatibleClassChangeError'{0x00000007480ebe88}: Found class java.lang.Object, but interface was expected> (0x00000007480ebe88) 
thrown [/usr/src/debug/java-openjdk/jdk19u-jdk-19.0.2-7/src/hotspot/share/interpreter/linkResolver.cpp, line 841]
Event: 2,523 Thread 0x00007fd7ace24910 Exception <a 'java/lang/NoClassDefFoundError'{0x000000074815a0a0}: jakarta/validation/Validation> (0x000000074815a0a0) 
thrown [/usr/src/debug/java-openjdk/jdk19u-jdk-19.0.2-7/src/hotspot/share/classfile/systemDictionary.cpp, line 244]
Event: 2,618 Thread 0x00007fd7ace24910 Exception <a 'java/lang/NoSuchMethodError'{0x000000075256b6c0}: 'long java.lang.invoke.DirectMethodHandle$Holder.invokeStatic(java.lang.Object, java.lang.Object)'> (0x000000075256b6c0) 
thrown [/usr/src/debug/java-openjdk/jdk19u-jdk-19.0.2-7/src/hotspot/share/interpreter/linkResolver.cpp, line 773]
Event: 2,618 Thread 0x00007fd7ace24910 Exception <a 'java/lang/NoSuchMethodError'{0x000000075256ecc8}: 'long java.lang.invoke.DirectMethodHandle$Holder.invokeStaticInit(java.lang.Object, java.lang.Object)'> (0x000000075256ecc8) 
thrown [/usr/src/debug/java-openjdk/jdk19u-jdk-19.0.2-7/src/hotspot/share/interpreter/linkResolver.cpp, line 773]
Event: 2,620 Thread 0x00007fd7ace24910 Exception <a 'java/lang/NoSuchMethodError'{0x000000075257cfa8}: 'long java.lang.invoke.DirectMethodHandle$Holder.invokeInterface(java.lang.Object, java.lang.Object)'> (0x000000075257cfa8) 
thrown [/usr/src/debug/java-openjdk/jdk19u-jdk-19.0.2-7/src/hotspot/share/interpreter/linkResolver.cpp, line 773]
Event: 2,620 Thread 0x00007fd7ace24910 Exception <a 'java/lang/IncompatibleClassChangeError'{0x0000000752580540}: Found class java.lang.Object, but interface was expected> (0x0000000752580540) 
thrown [/usr/src/debug/java-openjdk/jdk19u-jdk-19.0.2-7/src/hotspot/share/interpreter/linkResolver.cpp, line 841]
Event: 2,633 Thread 0x00007fd7ace24910 Exception <a 'java/lang/NoSuchMethodError'{0x0000000752452360}: 'java.lang.Object java.lang.invoke.DirectMethodHandle$Holder.invokeVirtual(java.lang.Object, java.lang.Object, java.lang.Object, java.lang.Object)'> (0x0000000752452360) 
thrown [/usr/src/debug/java-openjdk/jdk19u-jdk-19.0.2-7/src/hotspot/share/interpreter/linkResolver.cpp, line 773]
Event: 2,797 Thread 0x00007fd7ac0193b0 Exception <a 'java/lang/NoSuchMethodError'{0x0000000748d38930}: 'int java.lang.invoke.DirectMethodHandle$Holder.invokeSpecial(java.lang.Object, java.lang.Object, java.lang.Object, java.lang.Object, java.lang.Object)'> (0x0000000748d38930) 
thrown [/usr/src/debug/java-openjdk/jdk19u-jdk-19.0.2-7/src/hotspot/share/interpreter/linkResolver.cpp, line 773]
Event: 2,841 Thread 0x00007fd7ac0193b0 Exception <a 'java/lang/NoSuchMethodError'{0x0000000748d41f90}: 'void java.lang.invoke.DirectMethodHandle$Holder.invokeVirtual(java.lang.Object, java.lang.Object)'> (0x0000000748d41f90) 
thrown [/usr/src/debug/java-openjdk/jdk19u-jdk-19.0.2-7/src/hotspot/share/interpreter/linkResolver.cpp, line 773]
Event: 3,084 Thread 0x00007fd7ac0193b0 Exception <a 'java/lang/IncompatibleClassChangeError'{0x00000007484a2038}: Found class java.lang.Object, but interface was expected> (0x00000007484a2038) 
thrown [/usr/src/debug/java-openjdk/jdk19u-jdk-19.0.2-7/src/hotspot/share/interpreter/linkResolver.cpp, line 841]

VM Operations (20 events):
Event: 2,730 Executing VM operation: HandshakeAllThreads
Event: 2,730 Executing VM operation: HandshakeAllThreads done
Event: 3,122 Executing VM operation: G1CollectForAllocation
Event: 3,127 Executing VM operation: G1CollectForAllocation done
Event: 3,585 Executing VM operation: HandshakeAllThreads
Event: 3,585 Executing VM operation: HandshakeAllThreads done
Event: 3,586 Executing VM operation: HandshakeAllThreads
Event: 3,586 Executing VM operation: HandshakeAllThreads done
Event: 3,631 Executing VM operation: ICBufferFull
Event: 3,631 Executing VM operation: ICBufferFull done
Event: 3,864 Executing VM operation: HandshakeAllThreads
Event: 3,864 Executing VM operation: HandshakeAllThreads done
Event: 3,870 Executing VM operation: HandshakeAllThreads
Event: 3,870 Executing VM operation: HandshakeAllThreads done
Event: 3,871 Executing VM operation: HandshakeAllThreads
Event: 3,871 Executing VM operation: HandshakeAllThreads done
Event: 3,903 Executing VM operation: HandshakeAllThreads
Event: 3,903 Executing VM operation: HandshakeAllThreads done
Event: 3,962 Executing VM operation: HandshakeAllThreads
Event: 3,962 Executing VM operation: HandshakeAllThreads done

Events (20 events):
Event: 1,059 Thread 0x00007fd764001000 Thread added: 0x00007fd764001000
Event: 1,059 Protecting memory [0x00007fd77ecfe000,0x00007fd77ed02000] with protection modes 0
Event: 1,873 Thread 0x00007fd75422a400 Thread added: 0x00007fd75422a400
Event: 1,880 Protecting memory [0x00007fd77e8f8000,0x00007fd77e8fc000] with protection modes 0
Event: 2,504 Thread 0x00007fd7ace24910 Thread added: 0x00007fd7ace24910
Event: 2,505 Protecting memory [0x00007fd77e7f8000,0x00007fd77e7fc000] with protection modes 0
Event: 2,635 Thread 0x00007fd7ace24910 Thread exited: 0x00007fd7ace24910
Event: 3,020 Thread 0x00007fd7acfbb600 Thread added: 0x00007fd7acfbb600
Event: 3,020 Protecting memory [0x00007fd77e7f8000,0x00007fd77e7fc000] with protection modes 0
Event: 3,025 Thread 0x00007fd7acfbb600 Thread exited: 0x00007fd7acfbb600
Event: 3,043 Thread 0x00007fd7acfbe8a0 Thread added: 0x00007fd7acfbe8a0
Event: 3,043 Protecting memory [0x00007fd77e7f8000,0x00007fd77e7fc000] with protection modes 0
Event: 3,065 Thread 0x00007fd7acfbe8a0 Thread exited: 0x00007fd7acfbe8a0
Event: 4,211 Thread 0x00007fd764001c40 Thread added: 0x00007fd764001c40
Event: 4,213 Protecting memory [0x00007fd77e7f8000,0x00007fd77e7fc000] with protection modes 0
Event: 4,221 Thread 0x00007fd7200e7a60 Thread added: 0x00007fd7200e7a60
Event: 4,221 Protecting memory [0x00007fd77e6f8000,0x00007fd77e6fc000] with protection modes 0
Event: 4,221 Thread 0x00007fd7200e8040 Thread added: 0x00007fd7200e8040
Event: 4,222 Thread 0x00007fd7200e7a60 Thread exited: 0x00007fd7200e7a60
Event: 4,223 Protecting memory [0x00007fd77e5f8000,0x00007fd77e5fc000] with protection modes 0


Dynamic libraries:
746c00000-74d800000 rw-p 00000000 00:00 0 
74d800000-750600000 ---p 00000000 00:00 0 
750600000-750a00000 rw-p 00000000 00:00 0 
750a00000-752400000 ---p 00000000 00:00 0 
752400000-752600000 rw-p 00000000 00:00 0 
752600000-800000000 ---p 00000000 00:00 0 
800000000-800010000 rw-p 00000000 00:00 0 
800010000-800030000 rw-p 00000000 00:00 0 
800030000-8000b0000 rw-p 00000000 00:00 0 
8000b0000-800130000 rw-p 00000000 00:00 0 
800130000-800170000 rw-p 00000000 00:00 0 
800170000-800230000 rw-p 00000000 00:00 0 
800230000-800270000 rw-p 00000000 00:00 0 
800270000-800280000 ---p 00000000 00:00 0 
800280000-8003e0000 rw-p 00000000 00:00 0 
8003e0000-840000000 ---p 00000000 00:00 0 
562e21a32000-562e21a33000 r--p 00000000 00:19 684964                     /usr/lib/jvm/java-19-openjdk/bin/java
562e21a33000-562e21a34000 r-xp 00001000 00:19 684964                     /usr/lib/jvm/java-19-openjdk/bin/java
562e21a34000-562e21a35000 r--p 00002000 00:19 684964                     /usr/lib/jvm/java-19-openjdk/bin/java
562e21a35000-562e21a36000 r--p 00002000 00:19 684964                     /usr/lib/jvm/java-19-openjdk/bin/java
562e21a36000-562e21a37000 rw-p 00003000 00:19 684964                     /usr/lib/jvm/java-19-openjdk/bin/java
562e233b1000-562e233fa000 rw-p 00000000 00:00 0                          [heap]
7fd718000000-7fd718021000 rw-p 00000000 00:00 0 
7fd718021000-7fd71c000000 ---p 00000000 00:00 0 
7fd720000000-7fd7200ef000 rw-p 00000000 00:00 0 
7fd7200ef000-7fd724000000 ---p 00000000 00:00 0 
7fd724000000-7fd724021000 rw-p 00000000 00:00 0 
7fd724021000-7fd728000000 ---p 00000000 00:00 0 
7fd728000000-7fd728021000 rw-p 00000000 00:00 0 
7fd728021000-7fd72c000000 ---p 00000000 00:00 0 
7fd72c000000-7fd72cc48000 rw-p 00000000 00:00 0 
7fd72cc48000-7fd730000000 ---p 00000000 00:00 0 
7fd730000000-7fd730021000 rw-p 00000000 00:00 0 
7fd730021000-7fd734000000 ---p 00000000 00:00 0 
7fd734000000-7fd734021000 rw-p 00000000 00:00 0 
7fd734021000-7fd738000000 ---p 00000000 00:00 0 
7fd738000000-7fd738021000 rw-p 00000000 00:00 0 
7fd738021000-7fd73c000000 ---p 00000000 00:00 0 
7fd73c000000-7fd73c38a000 rw-p 00000000 00:00 0 
7fd73c38a000-7fd740000000 ---p 00000000 00:00 0 
7fd740000000-7fd740021000 rw-p 00000000 00:00 0 
7fd740021000-7fd744000000 ---p 00000000 00:00 0 
7fd744000000-7fd744021000 rw-p 00000000 00:00 0 
7fd744021000-7fd748000000 ---p 00000000 00:00 0 
7fd748000000-7fd748021000 rw-p 00000000 00:00 0 
7fd748021000-7fd74c000000 ---p 00000000 00:00 0 
7fd74c000000-7fd74c021000 rw-p 00000000 00:00 0 
7fd74c021000-7fd750000000 ---p 00000000 00:00 0 
7fd750000000-7fd7509cb000 rw-p 00000000 00:00 0 
7fd7509cb000-7fd754000000 ---p 00000000 00:00 0 
7fd754000000-7fd754742000 rw-p 00000000 00:00 0 
7fd754742000-7fd758000000 ---p 00000000 00:00 0 
7fd758000000-7fd758021000 rw-p 00000000 00:00 0 
7fd758021000-7fd75c000000 ---p 00000000 00:00 0 
7fd75c000000-7fd75c021000 rw-p 00000000 00:00 0 
7fd75c021000-7fd760000000 ---p 00000000 00:00 0 
7fd760000000-7fd760021000 rw-p 00000000 00:00 0 
7fd760021000-7fd764000000 ---p 00000000 00:00 0 
7fd764000000-7fd764021000 rw-p 00000000 00:00 0 
7fd764021000-7fd768000000 ---p 00000000 00:00 0 
7fd768000000-7fd768021000 rw-p 00000000 00:00 0 
7fd768021000-7fd76c000000 ---p 00000000 00:00 0 
7fd76c000000-7fd76c021000 rw-p 00000000 00:00 0 
7fd76c021000-7fd770000000 ---p 00000000 00:00 0 
7fd770000000-7fd7704f0000 rw-p 00000000 00:00 0 
7fd7704f0000-7fd770510000 rw-p 00000000 00:00 0 
7fd770510000-7fd770530000 rw-p 00000000 00:00 0 
7fd770530000-7fd770570000 rw-p 00000000 00:00 0 
7fd770570000-7fd7706f0000 rw-p 00000000 00:00 0 
7fd7706f0000-7fd770730000 rw-p 00000000 00:00 0 
7fd770730000-7fd770770000 rw-p 00000000 00:00 0 
7fd770770000-7fd7708f0000 rw-p 00000000 00:00 0 
7fd7708f0000-7fd7709f0000 rw-p 00000000 00:00 0 
7fd7709f0000-7fd770af0000 rw-p 00000000 00:00 0 
7fd770af0000-7fd770bf0000 rw-p 00000000 00:00 0 
7fd770bf0000-7fd770c70000 rw-p 00000000 00:00 0 
7fd770c70000-7fd770cf0000 rw-p 00000000 00:00 0 
7fd770cf0000-7fd770fb0000 rw-p 00000000 00:00 0 
7fd770fb0000-7fd7710f0000 rw-p 00000000 00:00 0 
7fd7710f0000-7fd771570000 rw-p 00000000 00:00 0 
7fd771570000-7fd7715f0000 rw-p 00000000 00:00 0 
7fd7715f0000-7fd7718f0000 rw-p 00000000 00:00 0 
7fd7718f0000-7fd771980000 rw-p 00000000 00:00 0 
7fd771980000-7fd771a00000 ---p 00000000 00:00 0 
7fd771a00000-7fd771dc0000 rw-p 00000000 00:00 0 
7fd771dc0000-7fd774000000 ---p 00000000 00:00 0 
7fd774000000-7fd774021000 rw-p 00000000 00:00 0 
7fd774021000-7fd778000000 ---p 00000000 00:00 0 
7fd778000000-7fd778021000 rw-p 00000000 00:00 0 
7fd778021000-7fd77c000000 ---p 00000000 00:00 0 
7fd77e5f8000-7fd77e5fc000 ---p 00000000 00:00 0 
7fd77e5fc000-7fd77e6f8000 rw-p 00000000 00:00 0 
7fd77e6f8000-7fd77e6fc000 ---p 00000000 00:00 0 
7fd77e6fc000-7fd77e7f8000 rw-p 00000000 00:00 0 
7fd77e7f8000-7fd77e7fc000 ---p 00000000 00:00 0 
7fd77e7fc000-7fd77e8f8000 rw-p 00000000 00:00 0 
7fd77e8f8000-7fd77e8fc000 ---p 00000000 00:00 0 
7fd77e8fc000-7fd77e9f8000 rw-p 00000000 00:00 0 
7fd77e9f8000-7fd77e9f9000 ---p 00000000 00:00 0 
7fd77e9f9000-7fd77eafa000 rw-p 00000000 00:00 0 
7fd77eafa000-7fd77eafb000 ---p 00000000 00:00 0 
7fd77eafb000-7fd77ebfc000 rw-p 00000000 00:00 0 
7fd77ebfc000-7fd77ebfd000 ---p 00000000 00:00 0 
7fd77ebfd000-7fd77ecfe000 rw-p 00000000 00:00 0 
7fd77ecfe000-7fd77ed02000 ---p 00000000 00:00 0 
7fd77ed02000-7fd77edfe000 rw-p 00000000 00:00 0 
7fd77edfe000-7fd77edff000 ---p 00000000 00:00 0 
7fd77edff000-7fd77ef00000 rw-p 00000000 00:00 0 
7fd77ef00000-7fd77ef04000 ---p 00000000 00:00 0 
7fd77ef04000-7fd77f000000 rw-p 00000000 00:00 0 
7fd77f000000-7fd77f004000 ---p 00000000 00:00 0 
7fd77f004000-7fd77f100000 rw-p 00000000 00:00 0 
7fd77f100000-7fd77f104000 ---p 00000000 00:00 0 
7fd77f104000-7fd77f200000 rw-p 00000000 00:00 0 
7fd77f200000-7fd77f204000 ---p 00000000 00:00 0 
7fd77f204000-7fd77f300000 rw-p 00000000 00:00 0 
7fd77f300000-7fd77f304000 ---p 00000000 00:00 0 
7fd77f304000-7fd77f400000 rw-p 00000000 00:00 0 
7fd77f400000-7fd77f404000 ---p 00000000 00:00 0 
7fd77f404000-7fd77f500000 rw-p 00000000 00:00 0 
7fd77f500000-7fd77f504000 ---p 00000000 00:00 0 
7fd77f504000-7fd77f600000 rw-p 00000000 00:00 0 
7fd77f600000-7fd77f604000 ---p 00000000 00:00 0 
7fd77f604000-7fd77f700000 rw-p 00000000 00:00 0 
7fd77f700000-7fd77f704000 ---p 00000000 00:00 0 
7fd77f704000-7fd77f800000 rw-p 00000000 00:00 0 
7fd77f800000-7fd77f804000 ---p 00000000 00:00 0 
7fd77f804000-7fd77f900000 rw-p 00000000 00:00 0 
7fd77f900000-7fd77f904000 ---p 00000000 00:00 0 
7fd77f904000-7fd77fa00000 rw-p 00000000 00:00 0 
7fd77fa00000-7fd77fceb000 r--p 00000000 00:19 680420                     /usr/lib/locale/locale-archive
7fd77fd2b000-7fd77fd2c000 ---p 00000000 00:00 0 
7fd77fd2c000-7fd77fe2d000 rw-p 00000000 00:00 0 
7fd77fe2d000-7fd77fe32000 r--p 00000000 00:19 684995                     /usr/lib/jvm/java-19-openjdk/lib/libjsvml.so
7fd77fe32000-7fd77fe73000 r-xp 00005000 00:19 684995                     /usr/lib/jvm/java-19-openjdk/lib/libjsvml.so
7fd77fe73000-7fd77fefc000 r--p 00046000 00:19 684995                     /usr/lib/jvm/java-19-openjdk/lib/libjsvml.so
7fd77fefc000-7fd77fefd000 r--p 000ce000 00:19 684995                     /usr/lib/jvm/java-19-openjdk/lib/libjsvml.so
7fd77fefd000-7fd77fefe000 rw-p 000cf000 00:19 684995                     /usr/lib/jvm/java-19-openjdk/lib/libjsvml.so
7fd77fefe000-7fd77feff000 ---p 00000000 00:00 0 
7fd77feff000-7fd780000000 rw-p 00000000 00:00 0 
7fd780000000-7fd780021000 rw-p 00000000 00:00 0 
7fd780021000-7fd784000000 ---p 00000000 00:00 0 
7fd784000000-7fd784021000 rw-p 00000000 00:00 0 
7fd784021000-7fd788000000 ---p 00000000 00:00 0 
7fd788000000-7fd788021000 rw-p 00000000 00:00 0 
7fd788021000-7fd78c000000 ---p 00000000 00:00 0 
7fd78c08c000-7fd78c08d000 ---p 00000000 00:00 0 
7fd78c08d000-7fd78e592000 rw-p 00000000 00:00 0 
7fd78e592000-7fd78e593000 ---p 00000000 00:00 0 
7fd78e593000-7fd78e694000 rw-p 00000000 00:00 0 
7fd78e694000-7fd78e695000 ---p 00000000 00:00 0 
7fd78e695000-7fd78e946000 rw-p 00000000 00:00 0 
7fd78e946000-7fd78e9fe000 ---p 00000000 00:00 0 
7fd78e9fe000-7fd78ea0e000 rw-p 00000000 00:00 0 
7fd78ea0e000-7fd78ea76000 ---p 00000000 00:00 0 
7fd78ea76000-7fd78ea7e000 rw-p 00000000 00:00 0 
7fd78ea7e000-7fd7915e6000 ---p 00000000 00:00 0 
7fd7915e6000-7fd791796000 rw-p 00000000 00:00 0 
7fd791796000-7fd79184e000 ---p 00000000 00:00 0 
7fd79184e000-7fd79185e000 rw-p 00000000 00:00 0 
7fd79185e000-7fd7918c6000 ---p 00000000 00:00 0 
7fd7918c6000-7fd7918ce000 rw-p 00000000 00:00 0 
7fd7918ce000-7fd794436000 ---p 00000000 00:00 0 
7fd794436000-7fd79446c000 rw-p 00000000 00:00 0 
7fd79446c000-7fd794483000 ---p 00000000 00:00 0 
7fd794483000-7fd794485000 rw-p 00000000 00:00 0 
7fd794485000-7fd794492000 ---p 00000000 00:00 0 
7fd794492000-7fd794493000 rw-p 00000000 00:00 0 
7fd794493000-7fd794a00000 ---p 00000000 00:00 0 
7fd794a00000-7fd795080000 rwxp 00000000 00:00 0 
7fd795080000-7fd79bf37000 ---p 00000000 00:00 0 
7fd79bf37000-7fd79c1a7000 rwxp 00000000 00:00 0 
7fd79c1a7000-7fd79c4c8000 ---p 00000000 00:00 0 
7fd79c4c8000-7fd79c738000 rwxp 00000000 00:00 0 
7fd79c738000-7fd7a3a00000 ---p 00000000 00:00 0 
7fd7a3a00000-7fd7abec9000 r--s 00000000 00:19 685009                     /usr/lib/jvm/java-19-openjdk/lib/modules
7fd7abefe000-7fd7abeff000 ---p 00000000 00:00 0 
7fd7abeff000-7fd7ac000000 rw-p 00000000 00:00 0 
7fd7ac000000-7fd7ad25e000 rw-p 00000000 00:00 0 
7fd7ad25e000-7fd7b0000000 ---p 00000000 00:00 0 
7fd7b0011000-7fd7b00c8000 rw-p 00000000 00:00 0 
7fd7b00c8000-7fd7b00df000 ---p 00000000 00:00 0 
7fd7b00df000-7fd7b00e1000 rw-p 00000000 00:00 0 
7fd7b00e1000-7fd7b00ee000 ---p 00000000 00:00 0 
7fd7b00ee000-7fd7b00ef000 rw-p 00000000 00:00 0 
7fd7b00ef000-7fd7b065c000 ---p 00000000 00:00 0 
7fd7b065c000-7fd7b0692000 rw-p 00000000 00:00 0 
7fd7b0692000-7fd7b06a9000 ---p 00000000 00:00 0 
7fd7b06a9000-7fd7b06ab000 rw-p 00000000 00:00 0 
7fd7b06ab000-7fd7b06b8000 ---p 00000000 00:00 0 
7fd7b06b8000-7fd7b06b9000 rw-p 00000000 00:00 0 
7fd7b06b9000-7fd7b0c26000 ---p 00000000 00:00 0 
7fd7b0c26000-7fd7b102f000 rw-p 00000000 00:00 0 
7fd7b102f000-7fd7b1115000 ---p 00000000 00:00 0 
7fd7b1115000-7fd7b1122000 rw-p 00000000 00:00 0 
7fd7b1122000-7fd7b1200000 ---p 00000000 00:00 0 
7fd7b1200000-7fd7b129a000 r--p 00000000 00:19 680461                     /usr/lib/libstdc++.so.6.0.30
7fd7b129a000-7fd7b13b0000 r-xp 0009a000 00:19 680461                     /usr/lib/libstdc++.so.6.0.30
7fd7b13b0000-7fd7b1427000 r--p 001b0000 00:19 680461                     /usr/lib/libstdc++.so.6.0.30
7fd7b1427000-7fd7b1434000 r--p 00226000 00:19 680461                     /usr/lib/libstdc++.so.6.0.30
7fd7b1434000-7fd7b1435000 rw-p 00233000 00:19 680461                     /usr/lib/libstdc++.so.6.0.30
7fd7b1435000-7fd7b1438000 rw-p 00000000 00:00 0 
7fd7b144b000-7fd7b144f000 r--p 00000000 00:19 685007                     /usr/lib/jvm/java-19-openjdk/lib/libverify.so
7fd7b144f000-7fd7b1456000 r-xp 00004000 00:19 685007                     /usr/lib/jvm/java-19-openjdk/lib/libverify.so
7fd7b1456000-7fd7b1458000 r--p 0000b000 00:19 685007                     /usr/lib/jvm/java-19-openjdk/lib/libverify.so
7fd7b1458000-7fd7b145a000 r--p 0000c000 00:19 685007                     /usr/lib/jvm/java-19-openjdk/lib/libverify.so
7fd7b145a000-7fd7b145b000 rw-p 0000e000 00:19 685007                     /usr/lib/jvm/java-19-openjdk/lib/libverify.so
7fd7b145b000-7fd7b1480000 r--p 00000000 00:19 680390                     /usr/share/locale/fr/LC_MESSAGES/libc.mo
7fd7b1480000-7fd7b1483000 r--p 00000000 00:19 685001                     /usr/lib/jvm/java-19-openjdk/lib/libnet.so
7fd7b1483000-7fd7b148c000 r-xp 00003000 00:19 685001                     /usr/lib/jvm/java-19-openjdk/lib/libnet.so
7fd7b148c000-7fd7b148e000 r--p 0000c000 00:19 685001                     /usr/lib/jvm/java-19-openjdk/lib/libnet.so
7fd7b148e000-7fd7b148f000 r--p 0000e000 00:19 685001                     /usr/lib/jvm/java-19-openjdk/lib/libnet.so
7fd7b148f000-7fd7b1490000 rw-p 0000f000 00:19 685001                     /usr/lib/jvm/java-19-openjdk/lib/libnet.so
7fd7b1490000-7fd7b1497000 r--p 00000000 00:19 685002                     /usr/lib/jvm/java-19-openjdk/lib/libnio.so
7fd7b1497000-7fd7b149f000 r-xp 00007000 00:19 685002                     /usr/lib/jvm/java-19-openjdk/lib/libnio.so
7fd7b149f000-7fd7b14a3000 r--p 0000f000 00:19 685002                     /usr/lib/jvm/java-19-openjdk/lib/libnio.so
7fd7b14a3000-7fd7b14a4000 r--p 00013000 00:19 685002                     /usr/lib/jvm/java-19-openjdk/lib/libnio.so
7fd7b14a4000-7fd7b14a5000 rw-p 00014000 00:19 685002                     /usr/lib/jvm/java-19-openjdk/lib/libnio.so
7fd7b14a5000-7fd7b1500000 rw-p 00000000 00:00 0 
7fd7b1500000-7fd7b1504000 ---p 00000000 00:00 0 
7fd7b1504000-7fd7b1600000 rw-p 00000000 00:00 0 
7fd7b1600000-7fd7b188d000 r--p 00000000 00:19 685019                     /usr/lib/jvm/java-19-openjdk/lib/server/libjvm.so
7fd7b188d000-7fd7b2660000 r-xp 0028d000 00:19 685019                     /usr/lib/jvm/java-19-openjdk/lib/server/libjvm.so
7fd7b2660000-7fd7b290e000 r--p 01060000 00:19 685019                     /usr/lib/jvm/java-19-openjdk/lib/server/libjvm.so
7fd7b290e000-7fd7b29da000 r--p 0130e000 00:19 685019                     /usr/lib/jvm/java-19-openjdk/lib/server/libjvm.so
7fd7b29da000-7fd7b2a10000 rw-p 013da000 00:19 685019                     /usr/lib/jvm/java-19-openjdk/lib/server/libjvm.so
7fd7b2a10000-7fd7b2a6c000 rw-p 00000000 00:00 0 
7fd7b2a7a000-7fd7b2a7c000 r--p 00000000 00:19 685008                     /usr/lib/jvm/java-19-openjdk/lib/libzip.so
7fd7b2a7c000-7fd7b2a80000 r-xp 00002000 00:19 685008                     /usr/lib/jvm/java-19-openjdk/lib/libzip.so
7fd7b2a80000-7fd7b2a82000 r--p 00006000 00:19 685008                     /usr/lib/jvm/java-19-openjdk/lib/libzip.so
7fd7b2a82000-7fd7b2a83000 r--p 00007000 00:19 685008                     /usr/lib/jvm/java-19-openjdk/lib/libzip.so
7fd7b2a83000-7fd7b2a84000 rw-p 00008000 00:19 685008                     /usr/lib/jvm/java-19-openjdk/lib/libzip.so
7fd7b2a84000-7fd7b2afc000 rw-p 00000000 00:00 0 
7fd7b2afc000-7fd7b2b03000 ---p 00000000 00:00 0 
7fd7b2b03000-7fd7b2b10000 r--p 00000000 00:19 684989                     /usr/lib/jvm/java-19-openjdk/lib/libjava.so
7fd7b2b10000-7fd7b2b21000 r-xp 0000d000 00:19 684989                     /usr/lib/jvm/java-19-openjdk/lib/libjava.so
7fd7b2b21000-7fd7b2b27000 r--p 0001e000 00:19 684989                     /usr/lib/jvm/java-19-openjdk/lib/libjava.so
7fd7b2b27000-7fd7b2b28000 r--p 00024000 00:19 684989                     /usr/lib/jvm/java-19-openjdk/lib/libjava.so
7fd7b2b28000-7fd7b2b29000 rw-p 00025000 00:19 684989                     /usr/lib/jvm/java-19-openjdk/lib/libjava.so
7fd7b2b29000-7fd7b2b2a000 rw-p 00000000 00:00 0 
7fd7b2b2a000-7fd7b2b2d000 r--p 00000000 00:19 680431                     /usr/lib/libgcc_s.so.1
7fd7b2b2d000-7fd7b2b44000 r-xp 00003000 00:19 680431                     /usr/lib/libgcc_s.so.1
7fd7b2b44000-7fd7b2b48000 r--p 0001a000 00:19 680431                     /usr/lib/libgcc_s.so.1
7fd7b2b48000-7fd7b2b49000 r--p 0001d000 00:19 680431                     /usr/lib/libgcc_s.so.1
7fd7b2b49000-7fd7b2b4a000 rw-p 0001e000 00:19 680431                     /usr/lib/libgcc_s.so.1
7fd7b2b4a000-7fd7b2b58000 r--p 00000000 00:19 679725                     /usr/lib/libm.so.6
7fd7b2b58000-7fd7b2bd2000 r-xp 0000e000 00:19 679725                     /usr/lib/libm.so.6
7fd7b2bd2000-7fd7b2c30000 r--p 00088000 00:19 679725                     /usr/lib/libm.so.6
7fd7b2c30000-7fd7b2c31000 r--p 000e5000 00:19 679725                     /usr/lib/libm.so.6
7fd7b2c31000-7fd7b2c32000 rw-p 000e6000 00:19 679725                     /usr/lib/libm.so.6
7fd7b2c32000-7fd7b2c35000 rw-p 00000000 00:00 0 
7fd7b2c35000-7fd7b2c38000 r--p 00000000 00:19 289315                     /usr/lib/libz.so.1.2.13
7fd7b2c38000-7fd7b2c46000 r-xp 00003000 00:19 289315                     /usr/lib/libz.so.1.2.13
7fd7b2c46000-7fd7b2c4d000 r--p 00011000 00:19 289315                     /usr/lib/libz.so.1.2.13
7fd7b2c4d000-7fd7b2c4e000 r--p 00017000 00:19 289315                     /usr/lib/libz.so.1.2.13
7fd7b2c4e000-7fd7b2c4f000 rw-p 00018000 00:19 289315                     /usr/lib/libz.so.1.2.13
7fd7b2c4f000-7fd7b2c71000 r--p 00000000 00:19 679715                     /usr/lib/libc.so.6
7fd7b2c71000-7fd7b2dcc000 r-xp 00022000 00:19 679715                     /usr/lib/libc.so.6
7fd7b2dcc000-7fd7b2e23000 r--p 0017d000 00:19 679715                     /usr/lib/libc.so.6
7fd7b2e23000-7fd7b2e27000 r--p 001d4000 00:19 679715                     /usr/lib/libc.so.6
7fd7b2e27000-7fd7b2e29000 rw-p 001d8000 00:19 679715                     /usr/lib/libc.so.6
7fd7b2e29000-7fd7b2e36000 rw-p 00000000 00:00 0 
7fd7b2e39000-7fd7b2e3a000 r--p 00000000 00:19 684982                     /usr/lib/jvm/java-19-openjdk/lib/libextnet.so
7fd7b2e3a000-7fd7b2e3b000 r-xp 00001000 00:19 684982                     /usr/lib/jvm/java-19-openjdk/lib/libextnet.so
7fd7b2e3b000-7fd7b2e3c000 r--p 00002000 00:19 684982                     /usr/lib/jvm/java-19-openjdk/lib/libextnet.so
7fd7b2e3c000-7fd7b2e3d000 r--p 00002000 00:19 684982                     /usr/lib/jvm/java-19-openjdk/lib/libextnet.so
7fd7b2e3d000-7fd7b2e3e000 rw-p 00003000 00:19 684982                     /usr/lib/jvm/java-19-openjdk/lib/libextnet.so
7fd7b2e3e000-7fd7b2e46000 rw-s 00000000 00:2e 969                        /tmp/hsperfdata_mick-j-06/14209
7fd7b2e46000-7fd7b2e48000 r--p 00000000 00:19 684984                     /usr/lib/jvm/java-19-openjdk/lib/libinstrument.so
7fd7b2e48000-7fd7b2e4e000 r-xp 00002000 00:19 684984                     /usr/lib/jvm/java-19-openjdk/lib/libinstrument.so
7fd7b2e4e000-7fd7b2e51000 r--p 00008000 00:19 684984                     /usr/lib/jvm/java-19-openjdk/lib/libinstrument.so
7fd7b2e51000-7fd7b2e52000 r--p 0000a000 00:19 684984                     /usr/lib/jvm/java-19-openjdk/lib/libinstrument.so
7fd7b2e52000-7fd7b2e53000 rw-p 0000b000 00:19 684984                     /usr/lib/jvm/java-19-openjdk/lib/libinstrument.so
7fd7b2e53000-7fd7b2e54000 ---p 00000000 00:00 0 
7fd7b2e54000-7fd7b2e55000 r--p 00000000 00:00 0 
7fd7b2e55000-7fd7b2e56000 ---p 00000000 00:00 0 
7fd7b2e56000-7fd7b2e58000 r--p 00000000 00:19 684992                     /usr/lib/jvm/java-19-openjdk/lib/libjimage.so
7fd7b2e58000-7fd7b2e5b000 r-xp 00002000 00:19 684992                     /usr/lib/jvm/java-19-openjdk/lib/libjimage.so
7fd7b2e5b000-7fd7b2e5c000 r--p 00005000 00:19 684992                     /usr/lib/jvm/java-19-openjdk/lib/libjimage.so
7fd7b2e5c000-7fd7b2e5d000 r--p 00006000 00:19 684992                     /usr/lib/jvm/java-19-openjdk/lib/libjimage.so
7fd7b2e5d000-7fd7b2e5e000 rw-p 00007000 00:19 684992                     /usr/lib/jvm/java-19-openjdk/lib/libjimage.so
7fd7b2e5e000-7fd7b2e60000 r--p 00000000 00:19 684993                     /usr/lib/jvm/java-19-openjdk/lib/libjli.so
7fd7b2e60000-7fd7b2e69000 r-xp 00002000 00:19 684993                     /usr/lib/jvm/java-19-openjdk/lib/libjli.so
7fd7b2e69000-7fd7b2e6c000 r--p 0000b000 00:19 684993                     /usr/lib/jvm/java-19-openjdk/lib/libjli.so
7fd7b2e6c000-7fd7b2e6d000 r--p 0000d000 00:19 684993                     /usr/lib/jvm/java-19-openjdk/lib/libjli.so
7fd7b2e6d000-7fd7b2e6e000 rw-p 0000e000 00:19 684993                     /usr/lib/jvm/java-19-openjdk/lib/libjli.so
7fd7b2e6e000-7fd7b2e70000 rw-p 00000000 00:00 0 
7fd7b2e70000-7fd7b2e71000 r--p 00000000 00:19 679706                     /usr/lib/ld-linux-x86-64.so.2
7fd7b2e71000-7fd7b2e98000 r-xp 00001000 00:19 679706                     /usr/lib/ld-linux-x86-64.so.2
7fd7b2e98000-7fd7b2ea2000 r--p 00028000 00:19 679706                     /usr/lib/ld-linux-x86-64.so.2
7fd7b2ea2000-7fd7b2ea4000 r--p 00032000 00:19 679706                     /usr/lib/ld-linux-x86-64.so.2
7fd7b2ea4000-7fd7b2ea6000 rw-p 00034000 00:19 679706                     /usr/lib/ld-linux-x86-64.so.2
7ffdd7b8d000-7ffdd7bb1000 rw-p 00000000 00:00 0                          [stack]
7ffdd7bf1000-7ffdd7bf5000 r--p 00000000 00:00 0                          [vvar]
7ffdd7bf5000-7ffdd7bf7000 r-xp 00000000 00:00 0                          [vdso]
ffffffffff600000-ffffffffff601000 --xp 00000000 00:00 0                  [vsyscall]


VM Arguments:
jvm_args: -ea -Didea.test.cyclic.buffer.size=1048576 -javaagent:/home/mick-j-06/.local/share/JetBrains/Toolbox/apps/IDEA-C/ch-0/223.8214.52/lib/idea_rt.jar=37675:/home/mick-j-06/.local/share/JetBrains/Toolbox/apps/IDEA-C/ch-0/223.8214.52/bin -Dfile.encoding=UTF-8 -Dsun.stdout.encoding=UTF-8 -Dsun.stderr.encoding=UTF-8 
java_command: com.intellij.rt.junit.JUnitStarter -ideVersion5 -junit5 integration.PlayerIntegrationTest,read_players_ok
java_class_path (initial): /home/mick-j-06/.m2/repository/org/junit/platform/junit-platform-launcher/1.9.1/junit-platform-launcher-1.9.1.jar:/home/mick-j-06/.local/share/JetBrains/Toolbox/apps/IDEA-C/ch-0/223.8214.52/lib/idea_rt.jar:/home/mick-j-06/.local/share/JetBrains/Toolbox/apps/IDEA-C/ch-0/223.8214.52/plugins/junit/lib/junit5-rt.jar:/home/mick-j-06/.local/share/JetBrains/Toolbox/apps/IDEA-C/ch-0/223.8214.52/plugins/junit/lib/junit-rt.jar:/home/mick-j-06/Bureau/L2/PROG3/Back-End/30-01-23/prog-3-td-2.3/target/test-classes:/home/mick-j-06/Bureau/L2/PROG3/Back-End/30-01-23/prog-3-td-2.3/target/classes:/home/mick-j-06/.m2/repository/org/springframework/boot/spring-boot-starter/3.0.0/spring-boot-starter-3.0.0.jar:/home/mick-j-06/.m2/repository/org/springframework/boot/spring-boot/3.0.0/spring-boot-3.0.0.jar:/home/mick-j-06/.m2/repository/org/springframework/spring-context/6.0.2/spring-context-6.0.2.jar:/home/mick-j-06/.m2/repository/org/springframework/boot/spring-boot-autoconfigure/3.0.0/spring-boot-autoconfigure-3.0.0.jar:/home/mick-j-06/.m2/repository/org/springframework/boot/spring-boot-starter-logging/3.0.0/spring-boot-starter-logging-3.0.0.jar:/home/mick-j-06/.m2/repository/ch/qos/logback/logback-classic/1.4.5/logback-classic-1.4.5.jar:/home/mick-j-06/.m2/repository/ch/qos/logback/logback-core/1.4.5/logback-core-1.4.5.jar:/home/mick-j-06/.m2/repository/org/apache/logging/log4j/log4j-to-slf4j/2.19.0/log4j-to-slf4j-2.19.0.jar:/home/mick-j-06/.m2/repository/org/apache/logging/log4j/log4j-api/2.19.0/log4j-api-2.19.0.jar:/home/mick-j-06/.m2/repository/org/slf4j/jul-to-slf4j/2.0.4/jul-to-slf4j-2.0.4.jar:/home/mick-j-06/.m2/repository/jakarta/annotation/jakarta.annotation-api/2.1.1/jakarta.annotation-api-2.1.1.jar:/home/mick-j-06/.m2/repository/org/springframework/spring-core/6.0.2/spring-core-6.0.2.jar:/home/mick-j-06/.m2/repository/org/springframework/spring-jcl/6.0.2/spring-jcl-6.0.2.jar:/home/mick-j-06/.m2/repository/org/yaml/snakeyaml/1.33/snakeyaml-1.33.jar:/home/mick-j-06/.m2/repository/org/springframework/boot/spring-boot-devtools/3.0.0/spring-boot-devtools-3.0.0.jar:/home/mick-j-06/.m2/repository/org/postgresql/postgresql/42.5.1/postgresql-42.5.1.jar:/home/mick-j-06/.m2/repository/org/checkerframework/checker-qual/3.5.0/checker-qual-3.5.0.jar:/home/mick-j-06/.m2/repository/org/projectlombok/lombok/1.18.24/lombok-1.18.24.jar:/home/mick-j-06/.m2/repository/org/springframework/boot/spring-boot-starter-test/3.0.0/spring-boot-starter-test-3.0.0.jar:/home/mick-j-06/.m2/repository/org/springframework/boot/spring-boot-test/3.0.0/spring-boot-test-3.0.0.jar:/home/mick-j-06/.m2/repository/org/springframework/boot/spring-boot-test-autoconfigure/3.0.0/spring-boot-test-autoconfigure-3.0.0.jar:/home/mick-j-06/.m2/repository/com/jayway/jsonpath/json-path/2.7.0/json-path-2.7.0.jar:/home/mick-j-06/.m2/repository/net/minidev/json-smart/2.4.8/json-smart-2.4.8.jar:/home/mick-j-06/.m2/repository/net/minidev/accessors-smart/2.4.8/accessors-smart-2.4.8.jar:/home/mick-j-06/.m2/repository/org/ow2/asm/asm/9.1/asm-9.1.jar:/home/mick-j-06/.m2/repository/org/slf4j/slf4j-api/2.0.4/slf4j-api-2.0.4.jar:/home/mick-j-06/.m2/repository/jakarta/xml/bind/jakarta.xml.bind-api/4.0.0/jakarta.xml.bind-api-4.0.0.jar:/home/mick-j-06/.m2/repository/jakarta/activation/jakarta.activation-api/2.1.0/jakarta.activation-api-2.1.0.jar:/home/mick-j-06/.m2/repository/org/assertj/assertj-core/3.23.1/assertj-core-3.23.1.jar:/home/mick-j-06/.m2/repository/net/bytebuddy/byte-buddy/1.12.19/byte-buddy-1.12.19.jar:/home/mick-j-06/.m2/repository/org/hamcrest/hamcrest/2.2/hamcrest-2.2.jar:/home/mick-j-06/.m2/repository/org/junit/jupiter/junit-jupiter/5.9.1/junit-jupiter-5.9.1.jar:/home/mick-j-06/.m2/repository/org/junit/jupiter/junit-jupiter-api/5.9.1/junit-jupiter-api-5.9.1.jar:/home/mick-j-06/.m2/repository/org/opentest4j/opentest4j/1.2.0/opentest4j-1.2.0.jar:/home/mick-j-06/.m2/repository/org/junit/platform/junit-platform-commons/1.9.1/junit-platform-commons-1.9.1.jar:/home/mick-j-06/.m2/repository/org/apiguardian/apiguardian-api/1.1.2/apiguardian-api-1.1.2.jar:/home/mick-j-06/.m2/repository/org/junit/jupiter/junit-jupiter-params/5.9.1/junit-jupiter-params-5.9.1.jar:/home/mick-j-06/.m2/repository/org/junit/jupiter/junit-jupiter-engine/5.9.1/junit-jupiter-engine-5.9.1.jar:/home/mick-j-06/.m2/repository/org/junit/platform/junit-platform-engine/1.9.1/junit-platform-engine-1.9.1.jar:/home/mick-j-06/.m2/repository/org/mockito/mockito-core/4.8.1/mockito-core-4.8.1.jar:/home/mick-j-06/.m2/repository/net/bytebuddy/byte-buddy-agent/1.12.19/byte-buddy-agent-1.12.19.jar:/home/mick-j-06/.m2/repository/org/objenesis/objenesis/3.2/objenesis-3.2.jar:/home/mick-j-06/.m2/repository/org/mockito/mockito-junit-jupiter/4.8.1/mockito-junit-jupiter-4.8.1.jar:/home/mick-j-06/.m2/repository/org/skyscreamer/jsonassert/1.5.1/jsonassert-1.5.1.jar:/home/mick-j-06/.m2/repository/com/vaadin/external/google/android-json/0.0.20131108.vaadin1/android-json-0.0.20131108.vaadin1.jar:/home/mick-j-06/.m2/repository/org/springframework/spring-test/6.0.2/spring-test-6.0.2.jar:/home/mick-j-06/.m2/repository/org/xmlunit/xmlunit-core/2.9.0/xmlunit-core-2.9.0.jar:/home/mick-j-06/.m2/repository/org/springframework/boot/spring-boot-starter-web/3.0.0/spring-boot-starter-web-3.0.0.jar:/home/mick-j-06/.m2/repository/org/springframework/boot/spring-boot-starter-json/3.0.0/spring-boot-starter-json-3.0.0.jar:/home/mick-j-06/.m2/repository/com/fasterxml/jackson/datatype/jackson-datatype-jdk8/2.14.1/jackson-datatype-jdk8-2.14.1.jar:/home/mick-j-06/.m2/repository/com/fasterxml/jackson/module/jackson-module-parameter-names/2.14.1/jackson-module-parameter-names-2.14.1.jar:/home/mick-j-06/.m2/repository/org/springframework/boot/spring-boot-starter-tomcat/3.0.0/spring-boot-starter-tomcat-3.0.0.jar:/home/mick-j-06/.m2/repository/org/apache/tomcat/embed/tomcat-embed-core/10.1.1/tomcat-embed-core-10.1.1.jar:/home/mick-j-06/.m2/repository/org/apache/tomcat/embed/tomcat-embed-el/10.1.1/tomcat-embed-el-10.1.1.jar:/home/mick-j-06/.m2/repository/org/apache/tomcat/embed/tomcat-embed-websocket/10.1.1/tomcat-embed-websocket-10.1.1.jar:/home/mick-j-06/.m2/repository/org/springframework/spring-web/6.0.2/spring-web-6.0.2.jar:/home/mick-j-06/.m2/repository/org/springframework/spring-beans/6.0.2/spring-beans-6.0.2.jar:/home/mick-j-06/.m2/repository/io/micrometer/micrometer-observation/1.10.2/micrometer-observation-1.10.2.jar:/home/mick-j-06/.m2/repository/io/micrometer/micrometer-commons/1.10.2/micrometer-commons-1.10.2.jar:/home/mick-j-06/.m2/repository/org/springframework/spring-webmvc/6.0.2/spring-webmvc-6.0.2.jar:/home/mick-j-06/.m2/repository/org/springframework/spring-aop/6.0.2/spring-aop-6.0.2.jar:/home/mick-j-06/.m2/repository/org/springframework/spring-expression/6.0.2/spring-expression-6.0.2.jar:/home/mick-j-06/.m2/repository/org/springframework/boot/spring-boot-starter-data-jpa/3.0.0/spring-boot-starter-data-jpa-3.0.0.jar:/home/mick-j-06/.m2/repository/org/springframework/boot/spring-boot-starter-aop/3.0.0/spring-boot-starter-aop-3.0.0.jar:/home/mick-j-06/.m2/repository/org/aspectj/aspectjweaver/1.9.9.1/aspectjweaver-1.9.9.1.jar:/home/mick-j-06/.m2/repository/org/springframework/boot/spring-boot-starter-jdbc/3.0.0/spring-boot-starter-jdbc-3.0.0.jar:/home/mick-j-06/.m2/repository/com/zaxxer/HikariCP/5.0.1/HikariCP-5.0.1.jar:/home/mick-j-06/.m2/repository/org/springframework/spring-jdbc/6.0.2/spring-jdbc-6.0.2.jar:/home/mick-j-06/.m2/repository/org/hibernate/orm/hibernate-core/6.1.5.Final/hibernate-core-6.1.5.Final.jar:/home/mick-j-06/.m2/repository/jakarta/persistence/jakarta.persistence-api/3.1.0/jakarta.persistence-api-3.1.0.jar:/home/mick-j-06/.m2/repository/jakarta/transaction/jakarta.transaction-api/2.0.1/jakarta.transaction-api-2.0.1.jar:/home/mick-j-06/.m2/repository/org/jboss/logging/jboss-logging/3.5.0.Final/jboss-logging-3.5.0.Final.jar:/home/mick-j-06/.m2/repository/org/hibernate/common/hibernate-commons-annotations/6.0.2.Final/hibernate-commons-annotations-6.0.2.Final.jar:/home/mick-j-06/.m2/repository/org/jboss/jandex/2.4.2.Final/jandex-2.4.2.Final.jar:/home/mick-j-06/.m2/repository/com/fasterxml/classmate/1.5.1/classmate-1.5.1.jar:/home/mick-j-06/.m2/repository/org/glassfish/jaxb/jaxb-runtime/4.0.1/jaxb-runtime-4.0.1.jar:/home/mick-j-06/.m2/repository/org/glassfish/jaxb/jaxb-core/4.0.1/jaxb-core-4.0.1.jar:/home/mick-j-06/.m2/repository/org/eclipse/angus/angus-activation/1.0.0/angus-activation-1.0.0.jar:/home/mick-j-06/.m2/repository/org/glassfish/jaxb/txw2/4.0.1/txw2-4.0.1.jar:/home/mick-j-06/.m2/repository/com/sun/istack/istack-commons-runtime/4.1.1/istack-commons-runtime-4.1.1.jar:/home/mick-j-06/.m2/repository/jakarta/inject/jakarta.inject-api/2.0.0/jakarta.inject-api-2.0.0.jar:/home/mick-j-06/.m2/repository/org/antlr/antlr4-runtime/4.10.1/antlr4-runtime-4.10.1.jar:/home/mick-j-06/.m2/repository/org/springframework/data/spring-data-jpa/3.0.0/spring-data-jpa-3.0.0.jar:/home/mick-j-06/.m2/repository/org/springframework/data/spring-data-commons/3.0.0/spring-data-commons-3.0.0.jar:/home/mick-j-06/.m2/repository/org/springframework/spring-orm/6.0.2/spring-orm-6.0.2.jar:/home/mick-j-06/.m2/repository/org/springframework/spring-tx/6.0.2/spring-tx-6.0.2.jar:/home/mick-j-06/.m2/repository/org/springframework/spring-aspects/6.0.2/spring-aspects-6.0.2.jar:/home/mick-j-06/.m2/repository/org/flywaydb/flyway-core/9.8.3/flyway-core-9.8.3.jar:/home/mick-j-06/.m2/repository/com/fasterxml/jackson/dataformat/jackson-dataformat-toml/2.14.1/jackson-dataformat-toml-2.14.1.jar:/home/mick-j-06/.m2/repository/com/fasterxml/jackson/datatype/jackson-datatype-jsr310/2.14.1/jackson-datatype-jsr310-2.14.1.jar:/home/mick-j-06/.m2/repository/com/fasterxml/jackson/core/jackson-annotations/2.14.1/jackson-annotations-2.14.1.jar:/home/mick-j-06/.m2/repository/com/fasterxml/jackson/core/jackson-core/2.14.1/jackson-core-2.14.1.jar:/home/mick-j-06/.m2/repository/com/fasterxml/jackson/core/jackson-databind/2.14.1/jackson-databind-2.14.1.jar
Launcher Type: SUN_STANDARD

[Global flags]
     intx CICompilerCount                          = 3                                         {product} {ergonomic}
     uint ConcGCThreads                            = 1                                         {product} {ergonomic}
     uint G1ConcRefinementThreads                  = 4                                         {product} {ergonomic}
   size_t G1HeapRegionSize                         = 2097152                                   {product} {ergonomic}
    uintx GCDrainStackTargetSize                   = 64                                        {product} {ergonomic}
   size_t InitialHeapSize                          = 195035136                                 {product} {ergonomic}
   size_t MarkStackSize                            = 4194304                                   {product} {ergonomic}
   size_t MaxHeapSize                              = 3107979264                                {product} {ergonomic}
   size_t MaxNewSize                               = 1864368128                                {product} {ergonomic}
   size_t MinHeapDeltaBytes                        = 2097152                                   {product} {ergonomic}
   size_t MinHeapSize                              = 8388608                                   {product} {ergonomic}
    uintx NonNMethodCodeHeapSize                   = 5832780                                {pd product} {ergonomic}
    uintx NonProfiledCodeHeapSize                  = 122912730                              {pd product} {ergonomic}
    uintx ProfiledCodeHeapSize                     = 122912730                              {pd product} {ergonomic}
    uintx ReservedCodeCacheSize                    = 251658240                              {pd product} {ergonomic}
     bool SegmentedCodeCache                       = true                                      {product} {ergonomic}
   size_t SoftMaxHeapSize                          = 3107979264                             {manageable} {ergonomic}
     bool UseCompressedClassPointers               = true                           {product lp64_product} {ergonomic}
     bool UseCompressedOops                        = true                           {product lp64_product} {ergonomic}
     bool UseG1GC                                  = true                                      {product} {ergonomic}

Logging:
Log output configuration:
 #0: stdout all=warning uptime,level,tags foldmultilines=false
 #1: stderr all=off uptime,level,tags foldmultilines=false

Environment Variables:
JAVA_HOME=/usr/lib/jvm/java-19-openjdk
PATH=/usr/local/sbin:/usr/local/bin:/usr/bin:/usr/lib/jvm/default/bin:/usr/bin/site_perl:/usr/bin/vendor_perl:/usr/bin/core_perl:/home/mick-j-06/.local/share/JetBrains/Toolbox/scripts:/usr/lib/jvm/java-19-openjdk/bin
SHELL=/bin/bash
DISPLAY=:0
LANG=fr_FR.UTF-8
LC_NUMERIC=mg_MG.UTF-8
LC_TIME=mg_MG.UTF-8

Active Locale:
LC_ALL=LC_CTYPE=fr_FR.UTF-8;LC_NUMERIC=mg_MG.UTF-8;LC_TIME=mg_MG.UTF-8;LC_COLLATE=fr_FR.UTF-8;LC_MONETARY=mg_MG.UTF-8;LC_MESSAGES=fr_FR.UTF-8;LC_PAPER=mg_MG.UTF-8;LC_NAME=mg_MG.UTF-8;LC_ADDRESS=mg_MG.UTF-8;LC_TELEPHONE=mg_MG.UTF-8;LC_MEASUREMENT=mg_MG.UTF-8;LC_IDENTIFICATION=mg_MG.UTF-8
LC_COLLATE=fr_FR.UTF-8
LC_CTYPE=fr_FR.UTF-8
LC_MESSAGES=fr_FR.UTF-8
LC_MONETARY=mg_MG.UTF-8
LC_NUMERIC=mg_MG.UTF-8
LC_TIME=mg_MG.UTF-8

Signal Handlers:
   SIGSEGV: 0x00007fd7b25d91c0 in libjvm.so+16617920, mask=11100100010111111101111111111110, flags=SA_RESTART|SA_SIGINFO
    SIGBUS: 0x00007fd7b25d91c0 in libjvm.so+16617920, mask=11100100010111111101111111111110, flags=SA_RESTART|SA_SIGINFO
    SIGFPE: 0x00007fd7b25d91c0 in libjvm.so+16617920, mask=11100100010111111101111111111110, flags=SA_RESTART|SA_SIGINFO
   SIGPIPE: 0x00007fd7b2464790 in libjvm.so+15091600, mask=11100100010111111101111111111110, flags=SA_RESTART|SA_SIGINFO
   SIGXFSZ: 0x00007fd7b2464790 in libjvm.so+15091600, mask=11100100010111111101111111111110, flags=SA_RESTART|SA_SIGINFO
    SIGILL: 0x00007fd7b25d91c0 in libjvm.so+16617920, mask=11100100010111111101111111111110, flags=SA_RESTART|SA_SIGINFO
   SIGUSR2: 0x00007fd7b2463db0 in libjvm.so+15089072, mask=00100000000000000000000000000000, flags=SA_RESTART|SA_SIGINFO
    SIGHUP: 0x00007fd7b2463cc0 in libjvm.so+15088832, mask=11100100010111111101111111111110, flags=SA_RESTART|SA_SIGINFO
    SIGINT: 0x00007fd7b2463cc0 in libjvm.so+15088832, mask=11100100010111111101111111111110, flags=SA_RESTART|SA_SIGINFO
   SIGTERM: 0x00007fd7b2463cc0 in libjvm.so+15088832, mask=11100100010111111101111111111110, flags=SA_RESTART|SA_SIGINFO
   SIGQUIT: 0x00007fd7b2463cc0 in libjvm.so+15088832, mask=11100100010111111101111111111110, flags=SA_RESTART|SA_SIGINFO
   SIGTRAP: 0x00007fd7b25d91c0 in libjvm.so+16617920, mask=11100100010111111101111111111110, flags=SA_RESTART|SA_SIGINFO


---------------  S Y S T E M  ---------------

OS:
DISTRIB_ID=Garuda
DISTRIB_RELEASE=Soaring
DISTRIB_DESCRIPTION="Garuda Linux"
DISTRIB_CODENAME="Talon"
uname: Linux 6.1.8-zen1-1-zen #1 ZEN SMP PREEMPT_DYNAMIC Tue, 24 Jan 2023 21:07:06 +0000 x86_64
OS uptime: 0 days 2:08 hours
libc: glibc 2.36 NPTL 2.36 
rlimit (soft/hard): STACK 8192k/infinity , CORE infinity/infinity , NPROC 1048576/1048576 , NOFILE 1048576/1048576 , AS infinity/infinity , CPU infinity/infinity , DATA infinity/infinity , FSIZE infinity/infinity , MEMLOCK infinity/infinity
load average: 2,70 1,75 1,37

/proc/meminfo:
MemTotal:       12140440 kB
MemFree:          705312 kB
MemAvailable:    4881776 kB
Buffers:               8 kB
Cached:          4076168 kB
SwapCached:          800 kB
Active:          5232640 kB
Inactive:        4085124 kB
Active(anon):    4672216 kB
Inactive(anon):  1342732 kB
Active(file):     560424 kB
Inactive(file):  2742392 kB
Unevictable:      317136 kB
Mlocked:              84 kB
SwapTotal:      25493708 kB
SwapFree:       24835788 kB
Zswap:                 0 kB
Zswapped:              0 kB
Dirty:             11044 kB
Writeback:             0 kB
AnonPages:       5016324 kB
Mapped:          1332632 kB
Shmem:            773360 kB
KReclaimable:    1193892 kB
Slab:            1393992 kB
SReclaimable:    1193892 kB
SUnreclaim:       200100 kB
KernelStack:       15792 kB
PageTables:        43508 kB
SecPageTables:         0 kB
NFS_Unstable:          0 kB
Bounce:                0 kB
WritebackTmp:          0 kB
CommitLimit:    31563928 kB
Committed_AS:   12034948 kB
VmallocTotal:   34359738367 kB
VmallocUsed:      181920 kB
VmallocChunk:          0 kB
Percpu:             2544 kB
HardwareCorrupted:     0 kB
AnonHugePages:   1947648 kB
ShmemHugePages:        0 kB
ShmemPmdMapped:        0 kB
FileHugePages:    153600 kB
FilePmdMapped:    147456 kB
CmaTotal:              0 kB
CmaFree:               0 kB
HugePages_Total:       0
HugePages_Free:        0
HugePages_Rsvd:        0
HugePages_Surp:        0
Hugepagesize:       2048 kB
Hugetlb:               0 kB
DirectMap4k:      337288 kB
DirectMap2M:     6889472 kB
DirectMap1G:     5242880 kB

/sys/kernel/mm/transparent_hugepage/enabled: [always] madvise never
/sys/kernel/mm/transparent_hugepage/defrag (defrag/compaction efforts parameter): always defer [defer+madvise] madvise never

Process Memory:
Virtual Size: 6516672K (peak: 6582208K)
Resident Set Size: 180804K (peak: 180804K) (anon: 157396K, file: 23376K, shmem: 32K)
Swapped out: 0K
C-Heap outstanding allocations: 57779K, retained: 8072K
glibc malloc tunables: (default)

/proc/sys/kernel/threads-max (system-wide limit on the number of threads): 94369
/proc/sys/vm/max_map_count (maximum number of memory map areas a process may have): 65530
/proc/sys/kernel/pid_max (system-wide limit on number of process identifiers): 4194304

container (cgroup) information:
container_type: cgroupv2
cpu_cpuset_cpus: not supported
cpu_memory_nodes: not supported
active_processor_count: 4
cpu_quota: not supported
cpu_period: not supported
cpu_shares: not supported
memory_limit_in_bytes: unlimited
memory_and_swap_limit_in_bytes: unlimited
memory_soft_limit_in_bytes: unlimited
memory_usage_in_bytes: 5636540 k
memory_max_usage_in_bytes: not supported
maximum number of tasks: 14155
current number of tasks: 209

Steal ticks since vm start: 0
Steal ticks percentage since vm start:  0,000

CPU: total 4 (initial active 4) (2 cores per cpu, 2 threads per core) family 6 model 60 stepping 3 microcode 0x28, cx8, cmov, fxsr, ht, mmx, sse, sse2, sse3, ssse3, sse4.1, sse4.2, popcnt, lzcnt, tsc, tscinvbit, avx, avx2, aes, erms, clmul, bmi1, bmi2, fma, vzeroupper, clflush, rdtscp
CPU Model and flags from /proc/cpuinfo:
model name	: Intel(R) Core(TM) i5-4200H CPU @ 2.80GHz
flags		: fpu vme de pse tsc msr pae mce cx8 apic sep mtrr pge mca cmov pat pse36 clflush dts acpi mmx fxsr sse sse2 ss ht tm pbe syscall nx pdpe1gb rdtscp lm constant_tsc arch_perfmon pebs bts rep_good nopl xtopology nonstop_tsc cpuid aperfmperf pni pclmulqdq dtes64 monitor ds_cpl vmx est tm2 ssse3 sdbg fma cx16 xtpr pdcm pcid sse4_1 sse4_2 x2apic movbe popcnt tsc_deadline_timer aes xsave avx f16c rdrand lahf_lm abm cpuid_fault epb invpcid_single pti ssbd ibrs ibpb stibp tpr_shadow vnmi flexpriority ept vpid ept_ad fsgsbase tsc_adjust bmi1 avx2 smep bmi2 erms invpcid xsaveopt dtherm ida arat pln pts md_clear flush_l1d

Online cpus: 0-3
Offline cpus: 
BIOS frequency limitation: <Not Available>
Frequency switch latency (ns): 20000
Available cpu frequencies: <Not Available>
Current governor: schedutil
Core performance/turbo boost: <Not Available>

Memory: 4k page, physical 12140440k(705312k free), swap 25493708k(24835788k free)
Page Sizes: 4k

vm_info: OpenJDK 64-Bit Server VM (19.0.2+7) for linux-amd64 JRE (19.0.2+7), built on 2023-01-18T16:17:00Z by "builduser" with gcc 12.2.1 20230111

END.
